 PERLND:EXTNL              115 GATMP    0   0
 PERLND:EXTNL              116 PREC     0   0
 PERLND:ATEMP              144 AIRTMP   0   0
 PERLND:EXTNL              153 DTMPG    0   0
 PERLND:EXTNL              154 WINMOV   0   0
 PERLND:EXTNL              155 SOLRAD   0   0
 PERLND:EXTNL              156 CLOUD    0   0
 PERLND:SNOW               262 PACK     0   0
 PERLND:SNOW               263 PACKF    0   0
 PERLND:SNOW               264 PACKW    0   0
 PERLND:SNOW               265 PACKI    0   0
 PERLND:SNOW               266 PDEPTH   0   0
 PERLND:SNOW               267 COVINX   0   0
 PERLND:SNOW               268 NEGHTS   0   0
 PERLND:SNOW               269 XLNMLT   0   0
 PERLND:SNOW               270 RDENPF   0   0
 PERLND:SNOW               271 SKYCLR   0   0
 PERLND:SNOW               272 SNOCOV   0   0
 PERLND:SNOW               273 DULL     0   0
 PERLND:SNOW               274 ALBEDO   0   0
 PERLND:SNOW               275 PAKTMP   0   0
 PERLND:SNOW               276 DEWTMP   0   0
 PERLND:SNOW               277 SNOTMP   0   0
 PERLND:SNOW               314 SNOWF    0   0
 PERLND:SNOW               315 PRAIN    0   0
 PERLND:SNOW               316 SNOWE    0   0
 PERLND:SNOW               317 WYIELD   0   0
 PERLND:SNOW               318 MELT     0   0
 PERLND:SNOW               319 RAINF    0   0
 PERLND:EXTNL              346 SURLI    0   0
 PERLND:EXTNL              347 UZLI     0   0
 PERLND:EXTNL              348 IFWLI    0   0
 PERLND:EXTNL              349 LZLI     0   0
 PERLND:EXTNL              350 AGWLI    0   0
 PERLND:EXTNL              351 PETINP   0   0
 PERLND:EXTNL              357 IRRINP   0   0
 PERLND:PWATER             892 PERS     0   0
 PERLND:PWATER             893 CEPS     0   0
 PERLND:PWATER             894 SURS     0   0
 PERLND:PWATER             895 UZS      0   0
 PERLND:PWATER             896 IFWS     0   0
 PERLND:PWATER             897 LZS      0   0
 PERLND:PWATER             898 AGWS     0   0
 PERLND:PWATER             899 TGWS     0   0
 PERLND:PWATER             900 GWEL     0   0
 PERLND:PWATER             901 GWVS     0   0
 PERLND:PWATER             902 INFFAC   0   0
 PERLND:PWATER             903 PETADJ   0   0
 PERLND:PWATER             904 RPARM    0   0
 PERLND:PWATER             905 RZWS     0   0
 PERLND:PWATER            1073 SUPY     0   0
 PERLND:PWATER            1074 SURO     0   0
 PERLND:PWATER            1075 IFWO     0   0
 PERLND:PWATER            1076 AGWO     0   0
 PERLND:PWATER            1077 PERO     0   0
 PERLND:PWATER            1078 IGWI     0   0
 PERLND:PWATER            1079 PET      0   0
 PERLND:PWATER            1080 CEPE     0   0
 PERLND:PWATER            1081 SURET    0   0
 PERLND:PWATER            1082 UZET     0   0
 PERLND:PWATER            1083 LZET     0   0
 PERLND:PWATER            1084 AGWET    0   0
 PERLND:PWATER            1085 BASET    0   0
 PERLND:PWATER            1086 TAET     0   0
 PERLND:PWATER            1087 IFWI     0   0
 PERLND:PWATER            1088 UZI      0   0
 PERLND:PWATER            1089 INFIL    0   0
 PERLND:PWATER            1090 PERC     0   0
 PERLND:PWATER            1091 LZI      0   0
 PERLND:PWATER            1092 AGWI     0   0
 PERLND:PWATER            1093 SURI     0   0
 PERLND:PWATER            1094 IRRDEM   0   0
 PERLND:PWATER            1095 IRSHRT   0   0
 PERLND:PWATER            1096 IRDRAW   3   0
 PERLND:PWATER            1099 IRRAPP   6   0
 PERLND:EXTNL             1110 SLSED    0   0
 PERLND:SEDMNT            1150 DETS     0   0
 PERLND:SEDMNT            1151 STCAP    0   0
 PERLND:SEDMNT            1152 COVER    0   0
 PERLND:SEDMNT            1174 WSSD     0   0
 PERLND:SEDMNT            1175 SCRSD    0   0
 PERLND:SEDMNT            1176 SOSED    0   0
 PERLND:SEDMNT            1177 DET      0   0
 PERLND:SEDMNT            1178 NVSI     0   0
 PERLND:PSTEMP            1266 AIRTC    0   0
 PERLND:PSTEMP            1267 SLTMP    0   0
 PERLND:PSTEMP            1268 ULTMP    0   0
 PERLND:PSTEMP            1269 LGTMP    0   0
 PERLND:EXTNL             1279 SLITMP   0   0
 PERLND:EXTNL             1280 ILITMP   0   0
 PERLND:EXTNL             1281 ALITMP   0   0
 PERLND:EXTNL             1282 SLIDOX   0   0
 PERLND:EXTNL             1283 ILIDOX   0   0
 PERLND:EXTNL             1284 ALIDOX   0   0
 PERLND:EXTNL             1285 SLICO2   0   0
 PERLND:EXTNL             1286 ILICO2   0   0
 PERLND:EXTNL             1287 ALICO2   0   0
 PERLND:PWTGAS            1358 SOTMP    0   0
 PERLND:PWTGAS            1359 IOTMP    0   0
 PERLND:PWTGAS            1360 AOTMP    0   0
 PERLND:PWTGAS            1361 SODOX    0   0
 PERLND:PWTGAS            1362 SOCO2    0   0
 PERLND:PWTGAS            1363 IODOX    0   0
 PERLND:PWTGAS            1364 IOCO2    0   0
 PERLND:PWTGAS            1365 AODOX    0   0
 PERLND:PWTGAS            1366 AOCO2    0   0
 PERLND:PWTGAS            1415 SOHT     0   0
 PERLND:PWTGAS            1416 IOHT     0   0
 PERLND:PWTGAS            1417 AOHT     0   0
 PERLND:PWTGAS            1418 POHT     0   0
 PERLND:PWTGAS            1419 SODOXM   0   0
 PERLND:PWTGAS            1420 SOCO2M   0   0
 PERLND:PWTGAS            1421 IODOXM   0   0
 PERLND:PWTGAS            1422 IOCO2M   0   0
 PERLND:PWTGAS            1423 AODOXM   0   0
 PERLND:PWTGAS            1424 AOCO2M   0   0
 PERLND:PWTGAS            1425 PODOXM   0   0
 PERLND:PWTGAS            1426 POCO2M   0   0
 PERLND:EXTNL             1507 SLIQO   MQ   0
 PERLND:EXTNL             1517 SLIQSP  MQ   0
 PERLND:EXTNL             1527 ILIQC   MQ   0
 PERLND:EXTNL             1537 ALIQC   MQ   0
 PERLND:EXTNL             1547 PQADFX  MQ   0
 PERLND:EXTNL             1557 PQADCN  MQ   0
 PERLND:PQUAL             2832 SQO     MQ   0
 PERLND:PQUAL             2842 SOQSP   MQ   0
 PERLND:PQUAL             2852 IOQC    MQ   0
 PERLND:PQUAL             2862 AOQC    MQ   0
 PERLND:PQUAL             3302 WASHQS  MQ   0
 PERLND:PQUAL             3312 SCRQS   MQ   0
 PERLND:PQUAL             3322 SOQS    MQ   0
 PERLND:PQUAL             3332 SOQO    MQ   0
 PERLND:PQUAL             3342 SOQOC   MQ   0
 PERLND:PQUAL             3352 SOQUAL  MQ   0
 PERLND:PQUAL             3362 SOQC    MQ   0
 PERLND:PQUAL             3372 IOQUAL  MQ   0
 PERLND:PQUAL             3382 AOQUAL  MQ   0
 PERLND:PQUAL             3392 POQUAL  MQ   0
 PERLND:PQUAL             3402 POQC    MQ   0
 PERLND:PQUAL             3412 PQADDR  MQ   0
 PERLND:PQUAL             3422 PQADWT  MQ   0
 PERLND:PQUAL             3432 PQADEP  MQ   0
 PERLND:PQUAL             3442 ISQO    MQ   0
 PERLND:MSTLAY            3469 MST      5   0
 PERLND:MSTLAY            3474 FRAC     8   0
 PERLND:EXTNL             3587 LIPSS    5   3
 PERLND:EXTNL             3602 LISDPS   2   3
 PERLND:EXTNL             3608 PEADFX   3   3
 PERLND:EXTNL             3617 PEADCN   3   3
 PERLND:PEST              4109 SPS      3   3
 PERLND:PEST              4118 UPS      3   3
 PERLND:PEST              4127 IPS      3   0
 PERLND:PEST              4130 LPS      3   3
 PERLND:PEST              4139 APS      3   3
 PERLND:PEST              4148 TPS      3   3
 PERLND:PEST              4157 TPST     5   3
 PERLND:PEST              4172 TOTPST   3   0
 PERLND:PEST              4511 SDPS     2   3
 PERLND:PEST              4517 TSPSS    5   3
 PERLND:PEST              4532 SSPSS    3   3
 PERLND:PEST              4541 SDEGPS   3   0
 PERLND:PEST              4544 UDEGPS   3   0
 PERLND:PEST              4547 LDEGPS   3   0
 PERLND:PEST              4550 ADEGPS   3   0
 PERLND:PEST              4553 TDEGPS   3   0
 PERLND:PEST              4556 SOSDPS   3   0
 PERLND:PEST              4559 SOPEST   3   0
 PERLND:PEST              4562 POPST    3   0
 PERLND:PEST              4565 TOPST    3   0
 PERLND:PEST              4568 PEADDR   3   3
 PERLND:PEST              4577 PEADWT   3   3
 PERLND:PEST              4586 PEADEP   3   3
 PERLND:NITR              4615 NITIF    4   0
 PERLND:EXTNL             4734 LIAMS    5   0
 PERLND:EXTNL             4739 LINO3    5   0
 PERLND:EXTNL             4744 LISLN    5   0
 PERLND:EXTNL             4749 LISRN    5   0
 PERLND:EXTNL             4754 LISEDN   3   0
 PERLND:EXTNL             4757 NIADFX   3   2
 PERLND:EXTNL             4763 NIADCN   3   2
 PERLND:NITR              5636 AGPLTN   0   0
 PERLND:NITR              5637 LITTRN   0   0
 PERLND:NITR              5638 SN       8   0
 PERLND:NITR              5646 UN       8   0
 PERLND:NITR              5654 IN       4   0
 PERLND:NITR              5658 LN       8   0
 PERLND:NITR              5666 AN       8   0
 PERLND:NITR              5674 TN       8   0
 PERLND:NITR              5682 TNIT     5   0
 PERLND:NITR              5687 TOTNIT   0   0
 PERLND:NITR              5688 NDFCT    5   0
 PERLND:NITR              5726 NUPTG    4   0
 PERLND:NITR              6433 SEDN     3   0
 PERLND:NITR              6436 TSAMS    5   0
 PERLND:NITR              6441 SSAMS    3   0
 PERLND:NITR              6444 TSNO3    5   0
 PERLND:NITR              6449 SSNO3    3   0
 PERLND:NITR              6452 DENIF    5   0
 PERLND:NITR              6457 TDENIF   0   0
 PERLND:NITR              6458 AMNIT    5   0
 PERLND:NITR              6463 AMIMB    5   0
 PERLND:NITR              6468 ORNMN    5   0
 PERLND:NITR              6473 NIADDR   3   2
 PERLND:NITR              6479 NIADWT   3   2
 PERLND:NITR              6485 NIADEP   3   2
 PERLND:NITR              6491 NFIXFX   5   0
 PERLND:NITR              6496 TSSLN    5   0
 PERLND:NITR              6501 SSSLN    3   0
 PERLND:NITR              6504 TSSRN    5   0
 PERLND:NITR              6509 SSSRN    3   0
 PERLND:NITR              6512 NIIMB    5   0
 PERLND:NITR              6517 AMVOL    5   0
 PERLND:NITR              6522 REFRON   5   0
 PERLND:NITR              6527 NIUPA    5   0
 PERLND:NITR              6532 AMUPA    5   0
 PERLND:NITR              6537 NIUPB    5   0
 PERLND:NITR              6542 AMUPB    5   0
 PERLND:NITR              6547 RETAGN   0   0
 PERLND:NITR              6548 RTLLN    3   0
 PERLND:NITR              6551 RTRLN    3   0
 PERLND:NITR              6554 RTLBN    5   0
 PERLND:NITR              6559 RTRBN    5   0
 PERLND:NITR              6564 SOSEDN   0   0
 PERLND:NITR              6565 PONO3    0   0
 PERLND:NITR              6566 PONH4    0   0
 PERLND:NITR              6567 POORN    0   0
 PERLND:NITR              6568 PONITR   0   0
 PERLND:PHOS              6584 PHOIF    3   0
 PERLND:EXTNL             6622 LIP4S    5   0
 PERLND:EXTNL             6627 LISEDP   2   0
 PERLND:EXTNL             6629 PHADFX   2   2
 PERLND:EXTNL             6633 PHADCN   2   2
 PERLND:PHOS              6941 SP       4   0
 PERLND:PHOS              6945 UP       4   0
 PERLND:PHOS              6949 IP       0   0
 PERLND:PHOS              6950 LP       4   0
 PERLND:PHOS              6954 AP       4   0
 PERLND:PHOS              6958 TP       4   0
 PERLND:PHOS              6962 TPHO     5   0
 PERLND:PHOS              6967 TOTPHO   0   0
 PERLND:PHOS              6968 PDFCT    5   0
 PERLND:PHOS              6981 PUPTG    4   0
 PERLND:PHOS              7155 SEDP     2   0
 PERLND:PHOS              7157 TSP4S    5   0
 PERLND:PHOS              7162 SSP4S    3   0
 PERLND:PHOS              7165 P4IMB    5   0
 PERLND:PHOS              7170 ORPMN    5   0
 PERLND:PHOS              7175 SOSEDP   0   0
 PERLND:PHOS              7176 POPHOS   0   0
 PERLND:PHOS              7177 PHADDR   2   2
 PERLND:PHOS              7181 PHADWT   2   2
 PERLND:PHOS              7185 PHADEP   2   2
 PERLND:EXTNL             7214 LITRS    5   0
 PERLND:EXTNL             7219 TRADFX   2   0
 PERLND:EXTNL             7221 TRADCN   2   0
 PERLND:TRACER            7291 STRSU    0   0
 PERLND:TRACER            7292 UTRSU    0   0
 PERLND:TRACER            7293 ITRSU    0   0
 PERLND:TRACER            7294 LTRSU    0   0
 PERLND:TRACER            7295 ATRSU    0   0
 PERLND:TRACER            7296 TRSU     0   0
 PERLND:TRACER            7360 TSTRS    5   0
 PERLND:TRACER            7365 SSTRS    3   0
 PERLND:TRACER            7368 POTRS    0   0
 PERLND:TRACER            7369 TRADDR   2   0
 PERLND:TRACER            7371 TRADWT   2   0
 PERLND:TRACER            7373 TRADEP   2   0
 
