 COPY  :INPUT               30 POINT   20   0
 COPY  :INPUT               50 MEAN    20   0
 COPY  :OUTPUT              70 POINT   20   0
 COPY  :OUTPUT              90 MEAN    20   0

 PLTGEN:INPUT             1064 POINT   20   0
 PLTGEN:INPUT             1084 MEAN    99   0

 DISPLY:INPUT             2470 TIMSER   0   0

 DURANL:INPUT              109 TIMSER   0   0

 GENER :INPUT               42 ONE      0   0
 GENER :INPUT               43 TWO      0   0
 GENER :OUTPUT              44 TIMSER   0   0

 MUTSIN:OUTPUT              74 POINT   20   0
 MUTSIN:OUTPUT              94 MEAN    20   0

 BMPRAC:INFLOW              91 IVOL     0   0
 BMPRAC:RECEIV              92 IVOL     0   0
 BMPRAC:INFLOW             593 CIVOL   MC   0
 BMPRAC:RECEIV             693 CIVOL   MC   0
 BMPRAC:ROFLOW             812 ROVOL    0   0
 BMPRAC:ROFLOW            1313 CROVOL  MC   0
 BMPRAC:REMOVE            1418 RMVOL    0   0
 BMPRAC:REMOVE            1919 CRMVOL  MC   0
 BMPRAC:INFLOW            2069 ICON    10   0
 BMPRAC:RECEIV            2079 ICON    10   0
 BMPRAC:ROFLOW            2349 ROCON   10   0
 BMPRAC:REMOVE            2409 RMCON   10   0
 BMPRAC:INFLOW            2424 IHEAT    0   0
 BMPRAC:RECEIV            2425 IHEAT    0   0
 BMPRAC:ROFLOW            2445 ROHEAT   0   0
 BMPRAC:REMOVE            2451 RMHEAT   0   0
 BMPRAC:INFLOW            2467 ISED     3   0
 BMPRAC:RECEIV            2470 ISED     3   0
 BMPRAC:ROFLOW            2530 ROSED    3   0
 BMPRAC:REMOVE            2548 RMSED    3   0
 BMPRAC:INFLOW            2566 IDQAL    3   0
 BMPRAC:RECEIV            2569 IDQAL    3   0
 BMPRAC:INFLOW            2617 ISQAL    3   3
 BMPRAC:RECEIV            2626 ISQAL    3   3
 BMPRAC:ROFLOW            2839 RODQAL   3   0
 BMPRAC:ROFLOW            2887 ROSQAL   3   3
 BMPRAC:REMOVE            2911 RMDQAL   3   0
 BMPRAC:REMOVE            2959 RMSQAL   3   3
 BMPRAC:INFLOW            2978 IOX      2   0
 BMPRAC:RECEIV            2980 IOX      2   0
 BMPRAC:ROFLOW            3020 ROOX     2   0
 BMPRAC:REMOVE            3032 RMOX     2   0
 BMPRAC:INFLOW            3054 IDNUT    4   0
 BMPRAC:RECEIV            3058 IDNUT    4   0
 BMPRAC:INFLOW            3092 ISNUT    3   2
 BMPRAC:RECEIV            3098 ISNUT    3   2
 BMPRAC:ROFLOW            3264 RODNUT   4   0
 BMPRAC:ROFLOW            3298 ROSNUT   3   2
 BMPRAC:REMOVE            3324 RMDNUT   4   0
 BMPRAC:REMOVE            3358 RMSNUT   3   2
 BMPRAC:INFLOW            3389 IPLK     5   0
 BMPRAC:RECEIV            3394 IPLK     5   0
 BMPRAC:ROFLOW            3494 ROPLK    5   0
 BMPRAC:REMOVE            3524 RMPLK    5   0
 BMPRAC:INFLOW            3539 IPH      2   0
 BMPRAC:RECEIV            3541 IPH      2   0
 BMPRAC:ROFLOW            3581 ROPH     2   0
 BMPRAC:REMOVE            3593 RMPH     2   0
 BMPRAC:INFLOW            3630 IACID    7   0
 BMPRAC:RECEIV            3637 IACID    7   0
 BMPRAC:ROFLOW            3777 ROACID   7   0
 BMPRAC:REMOVE            3819 RMACID   7   0

 REPORT:INPUT            12476 TIMSER  MC  MS

