 PERLND:EXTNL              115 GATMP    0   0
 PERLND:EXTNL              116 PREC     0   0
 PERLND:ATEMP              144 AIRTMP   0   0
 PERLND:EXTNL              153 DTMPG    0   0
 PERLND:EXTNL              154 WINMOV   0   0
 PERLND:EXTNL              155 SOLRAD   0   0
 PERLND:EXTNL              156 CLOUD    0   0
 PERLND:SNOW               262 PACK     0   0
 PERLND:SNOW               263 PACKF    0   0
 PERLND:SNOW               264 PACKW    0   0
 PERLND:SNOW               265 PACKI    0   0
 PERLND:SNOW               266 PDEPTH   0   0
 PERLND:SNOW               267 COVINX   0   0
 PERLND:SNOW               268 NEGHTS   0   0
 PERLND:SNOW               269 XLNMLT   0   0
 PERLND:SNOW               270 RDENPF   0   0
 PERLND:SNOW               271 SKYCLR   0   0
 PERLND:SNOW               272 SNOCOV   0   0
 PERLND:SNOW               273 DULL     0   0
 PERLND:SNOW               274 ALBEDO   0   0
 PERLND:SNOW               275 PAKTMP   0   0
 PERLND:SNOW               276 DEWTMP   0   0
 PERLND:SNOW               277 SNOTMP   0   0
 PERLND:SNOW               314 SNOWF    0   0
 PERLND:SNOW               315 PRAIN    0   0
 PERLND:SNOW               316 SNOWE    0   0
 PERLND:SNOW               317 WYIELD   0   0
 PERLND:SNOW               318 MELT     0   0
 PERLND:SNOW               319 RAINF    0   0
 PERLND:EXTNL              346 SURLI    0   0
 PERLND:EXTNL              347 UZLI     0   0
 PERLND:EXTNL              348 IFWLI    0   0
 PERLND:EXTNL              349 LZLI     0   0
 PERLND:EXTNL              350 AGWLI    0   0
 PERLND:EXTNL              351 PETINP   0   0
 PERLND:EXTNL              357 IRRINP   0   0
 PERLND:PWATER             891 PERS     0   0
 PERLND:PWATER             892 CEPS     0   0
 PERLND:PWATER             893 SURS     0   0
 PERLND:PWATER             894 UZS      0   0
 PERLND:PWATER             895 IFWS     0   0
 PERLND:PWATER             896 LZS      0   0
 PERLND:PWATER             897 AGWS     0   0
 PERLND:PWATER             898 TGWS     0   0
 PERLND:PWATER             899 GWEL     0   0
 PERLND:PWATER             900 GWVS     0   0
 PERLND:PWATER             901 INFFAC   0   0
 PERLND:PWATER             902 PETADJ   0   0
 PERLND:PWATER             903 RPARM    0   0
 PERLND:PWATER             904 RZWS     0   0
 PERLND:PWATER            1072 SUPY     0   0
 PERLND:PWATER            1073 SURO     0   0
 PERLND:PWATER            1074 IFWO     0   0
 PERLND:PWATER            1075 AGWO     0   0
 PERLND:PWATER            1076 PERO     0   0
 PERLND:PWATER            1077 IGWI     0   0
 PERLND:PWATER            1078 PET      0   0
 PERLND:PWATER            1079 CEPE     0   0
 PERLND:PWATER            1080 SURET    0   0
 PERLND:PWATER            1081 UZET     0   0
 PERLND:PWATER            1082 LZET     0   0
 PERLND:PWATER            1083 AGWET    0   0
 PERLND:PWATER            1084 BASET    0   0
 PERLND:PWATER            1085 TAET     0   0
 PERLND:PWATER            1086 IFWI     0   0
 PERLND:PWATER            1087 UZI      0   0
 PERLND:PWATER            1088 INFIL    0   0
 PERLND:PWATER            1089 PERC     0   0
 PERLND:PWATER            1090 LZI      0   0
 PERLND:PWATER            1091 AGWI     0   0
 PERLND:PWATER            1092 SURI     0   0
 PERLND:PWATER            1093 IRRDEM   0   0
 PERLND:PWATER            1094 IRSHRT   0   0
 PERLND:PWATER            1095 IRDRAW   3   0
 PERLND:PWATER            1098 IRRAPP   6   0
 PERLND:EXTNL             1109 SLSED    0   0
 PERLND:SEDMNT            1149 DETS     0   0
 PERLND:SEDMNT            1150 STCAP    0   0
 PERLND:SEDMNT            1151 COVER    0   0
 PERLND:SEDMNT            1173 WSSD     0   0
 PERLND:SEDMNT            1174 SCRSD    0   0
 PERLND:SEDMNT            1175 SOSED    0   0
 PERLND:SEDMNT            1176 DET      0   0
 PERLND:SEDMNT            1177 NVSI     0   0
 PERLND:PSTEMP            1265 AIRTC    0   0
 PERLND:PSTEMP            1266 SLTMP    0   0
 PERLND:PSTEMP            1267 ULTMP    0   0
 PERLND:PSTEMP            1268 LGTMP    0   0
 PERLND:EXTNL             1278 SLITMP   0   0
 PERLND:EXTNL             1279 ILITMP   0   0
 PERLND:EXTNL             1280 ALITMP   0   0
 PERLND:EXTNL             1281 SLIDOX   0   0
 PERLND:EXTNL             1282 ILIDOX   0   0
 PERLND:EXTNL             1283 ALIDOX   0   0
 PERLND:EXTNL             1284 SLICO2   0   0
 PERLND:EXTNL             1285 ILICO2   0   0
 PERLND:EXTNL             1286 ALICO2   0   0
 PERLND:PWTGAS            1357 SOTMP    0   0
 PERLND:PWTGAS            1358 IOTMP    0   0
 PERLND:PWTGAS            1359 AOTMP    0   0
 PERLND:PWTGAS            1360 SODOX    0   0
 PERLND:PWTGAS            1361 SOCO2    0   0
 PERLND:PWTGAS            1362 IODOX    0   0
 PERLND:PWTGAS            1363 IOCO2    0   0
 PERLND:PWTGAS            1364 AODOX    0   0
 PERLND:PWTGAS            1365 AOCO2    0   0
 PERLND:PWTGAS            1414 SOHT     0   0
 PERLND:PWTGAS            1415 IOHT     0   0
 PERLND:PWTGAS            1416 AOHT     0   0
 PERLND:PWTGAS            1417 POHT     0   0
 PERLND:PWTGAS            1418 SODOXM   0   0
 PERLND:PWTGAS            1419 SOCO2M   0   0
 PERLND:PWTGAS            1420 IODOXM   0   0
 PERLND:PWTGAS            1421 IOCO2M   0   0
 PERLND:PWTGAS            1422 AODOXM   0   0
 PERLND:PWTGAS            1423 AOCO2M   0   0
 PERLND:PWTGAS            1424 PODOXM   0   0
 PERLND:PWTGAS            1425 POCO2M   0   0
 PERLND:EXTNL             1482 SLIQO    7   0
 PERLND:EXTNL             1489 SLIQSP   7   0
 PERLND:EXTNL             1496 ILIQC    7   0
 PERLND:EXTNL             1503 ALIQC    7   0
 PERLND:EXTNL             1510 PQADFX  10   0
 PERLND:EXTNL             1520 PQADCN  10   0
 PERLND:PQUAL             2531 SQO      7   0
 PERLND:PQUAL             2538 SOQSP    7   0
 PERLND:PQUAL             2545 IOQC     7   0
 PERLND:PQUAL             2552 AOQC     7   0
 PERLND:PQUAL             2905 WASHQS   7   0
 PERLND:PQUAL             2912 SCRQS    7   0
 PERLND:PQUAL             2919 SOQS     7   0
 PERLND:PQUAL             2926 SOQO     7   0
 PERLND:PQUAL             2933 SOQOC    7   0
 PERLND:PQUAL             2940 SOQUAL  10   0
 PERLND:PQUAL             2950 SOQC    10   0
 PERLND:PQUAL             2960 IOQUAL   7   0
 PERLND:PQUAL             2967 AOQUAL   7   0
 PERLND:PQUAL             2974 POQUAL  10   0
 PERLND:PQUAL             2984 POQC    10   0
 PERLND:PQUAL             2994 PQADDR  10   0
 PERLND:PQUAL             3004 PQADWT  10   0
 PERLND:PQUAL             3014 PQADEP  10   0
 PERLND:PQUAL             3024 ISQO     7   0
 PERLND:MSTLAY            3048 MST      5   0
 PERLND:MSTLAY            3053 FRAC     8   0
 PERLND:EXTNL             3166 LIPSS    5   3
 PERLND:EXTNL             3181 LISDPS   2   3
 PERLND:EXTNL             3187 PEADFX   3   3
 PERLND:EXTNL             3196 PEADCN   3   3
 PERLND:PEST              3688 SPS      3   3
 PERLND:PEST              3697 UPS      3   3
 PERLND:PEST              3706 IPS      3   0
 PERLND:PEST              3709 LPS      3   3
 PERLND:PEST              3718 APS      3   3
 PERLND:PEST              3727 TPS      3   3
 PERLND:PEST              3736 TPST     5   3
 PERLND:PEST              3751 TOTPST   3   0
 PERLND:PEST              4090 SDPS     2   3
 PERLND:PEST              4096 TSPSS    5   3
 PERLND:PEST              4111 SSPSS    3   3
 PERLND:PEST              4120 SDEGPS   3   0
 PERLND:PEST              4123 UDEGPS   3   0
 PERLND:PEST              4126 LDEGPS   3   0
 PERLND:PEST              4129 ADEGPS   3   0
 PERLND:PEST              4132 TDEGPS   3   0
 PERLND:PEST              4135 SOSDPS   3   0
 PERLND:PEST              4138 SOPEST   3   0
 PERLND:PEST              4141 POPST    3   0
 PERLND:PEST              4144 TOPST    3   0
 PERLND:PEST              4147 PEADDR   3   3
 PERLND:PEST              4156 PEADWT   3   3
 PERLND:PEST              4165 PEADEP   3   3
 PERLND:NITR              4194 NITIF    4   0
 PERLND:EXTNL             4313 LIAMS    5   0
 PERLND:EXTNL             4318 LINO3    5   0
 PERLND:EXTNL             4323 LISLN    5   0
 PERLND:EXTNL             4328 LISRN    5   0
 PERLND:EXTNL             4333 LISEDN   3   0
 PERLND:EXTNL             4336 NIADFX   3   2
 PERLND:EXTNL             4342 NIADCN   3   2
 PERLND:NITR              5215 AGPLTN   0   0
 PERLND:NITR              5216 LITTRN   0   0
 PERLND:NITR              5217 SN       8   0
 PERLND:NITR              5225 UN       8   0
 PERLND:NITR              5233 IN       4   0
 PERLND:NITR              5237 LN       8   0
 PERLND:NITR              5245 AN       8   0
 PERLND:NITR              5253 TN       8   0
 PERLND:NITR              5261 TNIT     5   0
 PERLND:NITR              5266 TOTNIT   0   0
 PERLND:NITR              5267 NDFCT    5   0
 PERLND:NITR              5305 NUPTG    4   0
 PERLND:NITR              6012 SEDN     3   0
 PERLND:NITR              6015 TSAMS    5   0
 PERLND:NITR              6020 SSAMS    3   0
 PERLND:NITR              6023 TSNO3    5   0
 PERLND:NITR              6028 SSNO3    3   0
 PERLND:NITR              6031 DENIF    5   0
 PERLND:NITR              6036 TDENIF   0   0
 PERLND:NITR              6037 AMNIT    5   0
 PERLND:NITR              6042 AMIMB    5   0
 PERLND:NITR              6047 ORNMN    5   0
 PERLND:NITR              6052 NIADDR   3   2
 PERLND:NITR              6058 NIADWT   3   2
 PERLND:NITR              6064 NIADEP   3   2
 PERLND:NITR              6070 NFIXFX   5   0
 PERLND:NITR              6075 TSSLN    5   0
 PERLND:NITR              6080 SSSLN    3   0
 PERLND:NITR              6083 TSSRN    5   0
 PERLND:NITR              6088 SSSRN    3   0
 PERLND:NITR              6091 NIIMB    5   0
 PERLND:NITR              6096 AMVOL    5   0
 PERLND:NITR              6101 REFRON   5   0
 PERLND:NITR              6106 NIUPA    5   0
 PERLND:NITR              6111 AMUPA    5   0
 PERLND:NITR              6116 NIUPB    5   0
 PERLND:NITR              6121 AMUPB    5   0
 PERLND:NITR              6126 RETAGN   0   0
 PERLND:NITR              6127 RTLLN    3   0
 PERLND:NITR              6130 RTRLN    3   0
 PERLND:NITR              6133 RTLBN    5   0
 PERLND:NITR              6138 RTRBN    5   0
 PERLND:NITR              6143 SOSEDN   0   0
 PERLND:NITR              6144 PONO3    0   0
 PERLND:NITR              6145 PONH4    0   0
 PERLND:NITR              6146 POORN    0   0
 PERLND:NITR              6147 PONITR   0   0
 PERLND:PHOS              6163 PHOIF    3   0
 PERLND:EXTNL             6201 LIP4S    5   0
 PERLND:EXTNL             6206 LISEDP   2   0
 PERLND:EXTNL             6208 PHADFX   2   2
 PERLND:EXTNL             6212 PHADCN   2   2
 PERLND:PHOS              6520 SP       4   0
 PERLND:PHOS              6524 UP       4   0
 PERLND:PHOS              6528 IP       0   0
 PERLND:PHOS              6529 LP       4   0
 PERLND:PHOS              6533 AP       4   0
 PERLND:PHOS              6537 TP       4   0
 PERLND:PHOS              6541 TPHO     5   0
 PERLND:PHOS              6546 TOTPHO   0   0
 PERLND:PHOS              6547 PDFCT    5   0
 PERLND:PHOS              6560 PUPTG    4   0
 PERLND:PHOS              6734 SEDP     2   0
 PERLND:PHOS              6736 TSP4S    5   0
 PERLND:PHOS              6741 SSP4S    3   0
 PERLND:PHOS              6744 P4IMB    5   0
 PERLND:PHOS              6749 ORPMN    5   0
 PERLND:PHOS              6754 SOSEDP   0   0
 PERLND:PHOS              6755 POPHOS   0   0
 PERLND:PHOS              6756 PHADDR   2   2
 PERLND:PHOS              6760 PHADWT   2   2
 PERLND:PHOS              6764 PHADEP   2   2
 PERLND:EXTNL             6793 LITRS    5   0
 PERLND:EXTNL             6798 TRADFX   2   0
 PERLND:EXTNL             6800 TRADCN   2   0
 PERLND:TRACER            6870 STRSU    0   0
 PERLND:TRACER            6871 UTRSU    0   0
 PERLND:TRACER            6872 ITRSU    0   0
 PERLND:TRACER            6873 LTRSU    0   0
 PERLND:TRACER            6874 ATRSU    0   0
 PERLND:TRACER            6875 TRSU     0   0
 PERLND:TRACER            6939 TSTRS    5   0
 PERLND:TRACER            6944 SSTRS    3   0
 PERLND:TRACER            6947 POTRS    0   0
 PERLND:TRACER            6948 TRADDR   2   0
 PERLND:TRACER            6950 TRADWT   2   0
 PERLND:TRACER            6952 TRADEP   2   0

