 IMPLND:EXTNL              115 GATMP    0   0
 IMPLND:EXTNL              116 PREC     0   0
 IMPLND:ATEMP              144 AIRTMP   0   0
 IMPLND:EXTNL              153 DTMPG    0   0
 IMPLND:EXTNL              154 WINMOV   0   0
 IMPLND:EXTNL              155 SOLRAD   0   0
 IMPLND:EXTNL              156 CLOUD    0   0
 IMPLND:SNOW               262 PACK     0   0
 IMPLND:SNOW               263 PACKF    0   0
 IMPLND:SNOW               264 PACKW    0   0
 IMPLND:SNOW               265 PACKI    0   0
 IMPLND:SNOW               266 PDEPTH   0   0
 IMPLND:SNOW               267 COVINX   0   0
 IMPLND:SNOW               268 NEGHTS   0   0
 IMPLND:SNOW               269 XLNMLT   0   0
 IMPLND:SNOW               270 RDENPF   0   0
 IMPLND:SNOW               271 SKYCLR   0   0
 IMPLND:SNOW               272 SNOCOV   0   0
 IMPLND:SNOW               273 DULL     0   0
 IMPLND:SNOW               274 ALBEDO   0   0
 IMPLND:SNOW               275 PAKTMP   0   0
 IMPLND:SNOW               276 DEWTMP   0   0
 IMPLND:SNOW               277 SNOTMP   0   0
 IMPLND:SNOW               314 SNOWF    0   0
 IMPLND:SNOW               315 PRAIN    0   0
 IMPLND:SNOW               316 SNOWE    0   0
 IMPLND:SNOW               317 WYIELD   0   0
 IMPLND:SNOW               318 MELT     0   0
 IMPLND:SNOW               319 RAINF    0   0
 IMPLND:EXTNL              326 SURLI    0   0
 IMPLND:EXTNL              327 PETINP   0   0
 IMPLND:IWATER             376 IMPS     0   0
 IMPLND:IWATER             377 RETS     0   0
 IMPLND:IWATER             378 SURS     0   0
 IMPLND:IWATER             379 PETADJ   0   0
 IMPLND:IWATER             412 SUPY     0   0
 IMPLND:IWATER             413 SURO     0   0
 IMPLND:IWATER             414 PET      0   0
 IMPLND:IWATER             415 IMPEV    0   0
 IMPLND:IWATER             416 SURI     0   0
 IMPLND:EXTNL              422 SLSLD    0   0
 IMPLND:SOLIDS             454 SLDS     0   0
 IMPLND:SOLIDS             462 SOSLD    0   0
 IMPLND:EXTNL              466 SLITMP   0   0
 IMPLND:EXTNL              467 SLIDOX   0   0
 IMPLND:EXTNL              468 SLICO2   0   0
 IMPLND:IWTGAS             501 SOTMP    0   0
 IMPLND:IWTGAS             502 SODOX    0   0
 IMPLND:IWTGAS             503 SOCO2    0   0
 IMPLND:IWTGAS             521 SOHT     0   0
 IMPLND:IWTGAS             522 SODOXM   0   0
 IMPLND:IWTGAS             523 SOCO2M   0   0
 IMPLND:EXTNL              566 SLIQO    7   0
 IMPLND:EXTNL              573 SLIQSP   7   0
 IMPLND:EXTNL              580 IQADFX  10   0
 IMPLND:EXTNL              590 IQADCN  10   0
 IMPLND:IQUAL             1251 SQO      7   0
 IMPLND:IQUAL             1258 SOQSP    7   0
 IMPLND:IQUAL             1472 SOQS     7   0
 IMPLND:IQUAL             1479 SOQO     7   0
 IMPLND:IQUAL             1486 SOQOC    7   0
 IMPLND:IQUAL             1493 SOQUAL  10   0
 IMPLND:IQUAL             1503 SOQC    10   0
 IMPLND:IQUAL             1513 IQADDR  10   0
 IMPLND:IQUAL             1523 IQADWT  10   0
 IMPLND:IQUAL             1533 IQADEP  10   0

