 RCHRES:EXTNL#INFLOW       623 IVOL     0   0
 RCHRES:HYDR               624 IVOL     0   0
 RCHRES:EXTNL#INFLOW       625 CIVOL   MC   0
 RCHRES:HYDR               725 CIVOL   MC   0
 RCHRES:EXTNL              825 PREC     0   0
 RCHRES:EXTNL              826 POTEV    0   0
 RCHRES:EXTNL             1837 COLIND  MX   0
 RCHRES:EXTNL             1842 OUTDGT  MX   0
 RCHRES:EXTNL             1847 COTDGT  MX  MC
 RCHRES:HYDR              4704 VOL      0   0
 RCHRES:HYDR              4705 CVOL    MC   0
 RCHRES:HYDR              4805 CDFVOL  MX  MC
 RCHRES:HYDR              5305 DEP      0   0
 RCHRES:HYDR              5306 STAGE    0   0
 RCHRES:HYDR              5307 AVDEP    0   0
 RCHRES:HYDR              5308 TWID     0   0
 RCHRES:HYDR              5309 HRAD     0   0
 RCHRES:HYDR              5310 SAREA    0   0
 RCHRES:HYDR              5311 AVVEL    0   0
 RCHRES:HYDR              5312 AVSECT   0   0
 RCHRES:HYDR              5313 USTAR    0   0
 RCHRES:HYDR              5314 TAU      0   0
 RCHRES:HYDR              5315 RO       0   0
 RCHRES:HYDR              5316 CRO     MC   0
 RCHRES:HYDR              5926 O       MX   0
 RCHRES:HYDR              5931 CO      MX  MC
 RCHRES:HYDR              6946 PRSUPY   0   0
 RCHRES:HYDR              6947 VOLEV    0   0
 RCHRES:HYDR#ROFLOW       6948 ROVOL    0   0
 RCHRES:HYDR#ROFLOW       6949 CROVOL  MC   0
 RCHRES:HYDR#OFLOW        9574 OVOL    MX   0
 RCHRES:HYDR#OFLOW        9579 COVOL   MX  MC
 RCHRES:HYDR             10089 RIRDEM   0   0
 RCHRES:HYDR             10090 RIRSHT   0   0
 RCHRES:EXTNL#INFLOW     12058 ICON    MN   0
 RCHRES:CONS             12068 ICON    MN   0
 RCHRES:EXTNL            12078 COADFX  MN   0
 RCHRES:EXTNL            12088 COADCN  MN   0
 RCHRES:CONS             12589 CON     MN   0
 RCHRES:CONS#ROFLOW      12649 ROCON   MN   0
 RCHRES:CONS#OFLOW       12909 OCON    MX  MN
 RCHRES:CONS             13069 COADDR  MN   0
 RCHRES:CONS             13079 COADWT  MN   0
 RCHRES:CONS             13089 COADEP  MN   0
 RCHRES:INFLOW           13110 IHEAT    0   0
 RCHRES:HTRCH            13111 IHEAT    0   0
 RCHRES:EXTNL            13112 SOLRAD   0   0
 RCHRES:EXTNL            13113 CLOUD    0   0
 RCHRES:EXTNL            13114 DEWTMP   0   0
 RCHRES:EXTNL            13115 GATMP    0   0
 RCHRES:EXTNL            13116 WIND     0   0
 RCHRES:EXTNL            13117 DSOLAR   0   0
 RCHRES:EXTNL            13268 TGRND    0   0
 RCHRES:HTRCH            13385 TW       0   0
 RCHRES:HTRCH            13386 AIRTMP   0   0
 RCHRES:HTRCH            13388 SHDFAC   0   0
 RCHRES:HTRCH            13399 HTEXCH   0   0
 RCHRES:HTRCH#ROFLOW     13400 ROHEAT   0   0
 RCHRES:HTRCH#OFLOW      13426 OHEAT   MX   0
 RCHRES:HTRCH            13466 HTCF4    7   0
 RCHRES:INFLOW           13493 ISED     3   0
 RCHRES:SEDTRN           13496 ISED     4   0
 RCHRES:SEDTRN           13585 RSED    10   0
 RCHRES:SEDTRN           13595 SSED     4   0
 RCHRES:SEDTRN           13599 TSED     3   0
 RCHRES:SEDTRN           13602 BEDDEP   0   0
 RCHRES:SEDTRN           13643 DEPSCR   4   0
 RCHRES:SEDTRN#ROFLOW    13647 ROSED    4   0
 RCHRES:SEDTRN#OFLOW     13751 OSED    MX   4
 RCHRES:INFLOW           13962 IDQAL   MG   0
 RCHRES:GQUAL            13969 IDQAL   MG   0
 RCHRES:INFLOW           13976 ISQAL    3  MG
 RCHRES:GQUAL            13997 ISQAL    4  MG
 RCHRES:GQUAL            14025 TIQAL   MG   0
 RCHRES:EXTNL            14032 PHVAL    0   0
 RCHRES:EXTNL            14033 ROC      0   0
 RCHRES:EXTNL            14034 BIO     MG   0
 RCHRES:EXTNL            14041 GQADFX  MG   0
 RCHRES:EXTNL            14048 GQADCN  MG   0
 RCHRES:GQUAL            15645 DQAL    MG   0
 RCHRES:GQUAL            15652 SQAL     6  MG
 RCHRES:GQUAL            15694 RDQAL   MG   0
 RCHRES:GQUAL            15701 RSQAL   12  MG
 RCHRES:GQUAL            15785 RRQAL   MG   0
 RCHRES:GQUAL            17731 PDQAL   MG   0
 RCHRES:GQUAL            17738 DDQAL    7  MG
 RCHRES:GQUAL#ROFLOW     17787 RODQAL  MG   0
 RCHRES:GQUAL            17794 DSQAL    4  MG
 RCHRES:GQUAL#ROFLOW     17822 ROSQAL   4  MG
 RCHRES:GQUAL            17850 TROQAL  MG   0
 RCHRES:GQUAL            17857 SQDEC    7  MG
 RCHRES:GQUAL            17906 ADQAL    7  MG
 RCHRES:GQUAL#OFLOW      17955 ODQAL   MX  MG
 RCHRES:GQUAL#OFLOW      17990 OSQAL   MX   3
 RCHRES:GQUAL            18095 TOSQAL  MX  MG
 RCHRES:GQUAL            18130 TOQAL   MX  MG
 RCHRES:GQUAL            18165 GQADDR  MG   0
 RCHRES:GQUAL            18172 GQADWT  MG   0
 RCHRES:GQUAL            18179 GQADEP  MG   0
 RCHRES:INFLOW           18205 OXIF     2   0
 RCHRES:OXRX             18207 OXIF     2   0
 RCHRES:OXRX             18240 DOX      0   0
 RCHRES:OXRX             18241 BOD      0   0
 RCHRES:OXRX             18242 SATDO    0   0
 RCHRES:OXRX#ROFLOW      18253 OXCF1    2   0
 RCHRES:OXRX#OFLOW       18307 OXCF2   MX   2
 RCHRES:OXRX             18397 OXCF3    8   0
 RCHRES:OXRX             18405 OXCF4    8   0
 RCHRES:INFLOW           18477 NUIF1    4   0
 RCHRES:NUTRX            18481 NUIF1    4   0
 RCHRES:INFLOW           18485 NUIF2    3   2
 RCHRES:NUTRX            18491 NUIF2    4   2
 RCHRES:NUTRX            18499 TNUIF    4   0
 RCHRES:EXTNL            18503 NUADFX   3   0
 RCHRES:EXTNL            18506 NUADCN   3   0
 RCHRES:NUTRX            18695 DNUST    6   0
 RCHRES:NUTRX            18701 SNH4     3   0
 RCHRES:NUTRX            18704 SPO4     3   0
 RCHRES:NUTRX            18707 DNUST2   6   0
 RCHRES:NUTRX            18713 RSNH4   12   0
 RCHRES:NUTRX            18725 RSPO4   12   0
 RCHRES:NUTRX            18737 NUST     4   0
 RCHRES:NUTRX#ROFLOW     19349 NUCF1    4   0
 RCHRES:NUTRX#ROFLOW     19353 NUCF2    4   2
 RCHRES:NUTRX            19361 TNUCF1   4   0
 RCHRES:NUTRX            19365 NUCF3    4   2
 RCHRES:NUTRX            19373 NUCF4    7   0
 RCHRES:NUTRX            19380 NUCF5    8   0
 RCHRES:NUTRX            19388 NUCF6    1   0
 RCHRES:NUTRX            19389 NUCF7    6   0
 RCHRES:NUTRX            19395 NUCF8    4   2
 RCHRES:NUTRX#OFLOW      19403 NUCF9   MX   4
 RCHRES:NUTRX#OFLOW      19423 NUCF10  MX   4
 RCHRES:NUTRX            19463 TNUCF2  MX   4
 RCHRES:NUTRX            19483 NUADDR   3   0
 RCHRES:NUTRX            19486 NUADWT   3   0
 RCHRES:NUTRX            19489 NUADEP   3   0
 RCHRES:INFLOW           19517 PKIF     5   0
 RCHRES:PLANK            19522 PKIF     5   0
 RCHRES:PLANK            19552 TPKIF    5   0
 RCHRES:EXTNL            19557 PLADFX   3   0
 RCHRES:EXTNL            19560 PLADCN   3   0
 RCHRES:EXTNL            19759 BINV     0   0
 RCHRES:PLANK            19823 PKST3    7   0
 RCHRES:PLANK            19830 PHYTO    0   0
 RCHRES:PLANK            19831 ZOO      0   0
 RCHRES:PLANK            19832 BENAL    4   0
 RCHRES:PLANK            19836 PHYCLA   0   0
 RCHRES:PLANK            19837 BALCLA   4   0
 RCHRES:PLANK            19841 TBENAL   2   0
 RCHRES:PLANK            19843 PKST4    2   0
 RCHRES:PLANK#ROFLOW     20371 PKCF1    5   0
 RCHRES:PLANK            20376 TPKCF1   5   0
 RCHRES:PLANK#OFLOW      20381 PKCF2   MX   5
 RCHRES:PLANK            20406 TPKCF2  MX   5
 RCHRES:PLANK            20431 PLADDR   3   0
 RCHRES:PLANK            20434 PLADWT   3   0
 RCHRES:PLANK            20437 PLADEP   3   0
 RCHRES:PLANK            20440 PKCF5    5   0
 RCHRES:PLANK            20445 PKCF6    3   0
 RCHRES:PLANK            20448 PKCF7    3   4
 RCHRES:PLANK            20460 TPKCF7   3   0
 RCHRES:PLANK            20463 PKCF8    5   0
 RCHRES:PLANK            20468 PKCF9    5   0
 RCHRES:PLANK            20473 PKCF10   5   0
 RCHRES:INFLOW           20488 PHIF     2   0
 RCHRES:PHCARB           20490 PHIF     2   0
 RCHRES:PHCARB           20502 PHST     3   0
 RCHRES:PHCARB           20506 SATCO2   0   0
 RCHRES:PHCARB#ROFLOW    20517 PHCF1    2   0
 RCHRES:PHCARB#OFLOW     20569 PHCF2   MX   2
 RCHRES:PHCARB           20614 PHCF3    7   0
 RCHRES:ACIDPH           20688 ACCONC   7   0
 RCHRES:ACIDPH           20730 ACSTOR   7   0
 RCHRES:INFLOW           20772 ACINFL   7   0
 RCHRES:ACIDPH           20779 ACINFL   7   0
 RCHRES:ACIDPH#ROFLOW    20821 ACFLX1   7   0
 RCHRES:ACIDPH#OFLOW     21003 ACFLX2  MX   7
 RCHRES:ACIDPH           21088 ACFLXC  MN   0
 RCHRES:ACIDPH           21133 ACFLXG  MG   0
 RCHRES:ACIDPH           21176 ACPH     0   0

