 PERLND:EXTNL               96 GATMP    0   0
 PERLND:EXTNL               97 PREC     0   0
 PERLND:ATEMP              125 AIRTMP   0   0
 PERLND:EXTNL              134 DTMPG    0   0
 PERLND:EXTNL              135 WINMOV   0   0
 PERLND:EXTNL              136 SOLRAD   0   0
 PERLND:EXTNL              137 CLOUD    0   0
 PERLND:SNOW               243 PACK     0   0
 PERLND:SNOW               244 PACKF    0   0
 PERLND:SNOW               245 PACKW    0   0
 PERLND:SNOW               246 PACKI    0   0
 PERLND:SNOW               247 PDEPTH   0   0
 PERLND:SNOW               248 COVINX   0   0
 PERLND:SNOW               249 NEGHTS   0   0
 PERLND:SNOW               250 XLNMLT   0   0
 PERLND:SNOW               251 RDENPF   0   0
 PERLND:SNOW               252 SKYCLR   0   0
 PERLND:SNOW               253 SNOCOV   0   0
 PERLND:SNOW               254 DULL     0   0
 PERLND:SNOW               255 ALBEDO   0   0
 PERLND:SNOW               256 PAKTMP   0   0
 PERLND:SNOW               257 DEWTMP   0   0
 PERLND:SNOW               258 SNOTMP   0   0
 PERLND:SNOW               295 SNOWF    0   0
 PERLND:SNOW               296 PRAIN    0   0
 PERLND:SNOW               297 SNOWE    0   0
 PERLND:SNOW               298 WYIELD   0   0
 PERLND:SNOW               299 MELT     0   0
 PERLND:SNOW               300 RAINF    0   0
 PERLND:EXTNL              327 SURLI    0   0
 PERLND:EXTNL              328 UZLI     0   0
 PERLND:EXTNL              329 IFWLI    0   0
 PERLND:EXTNL              330 LZLI     0   0
 PERLND:EXTNL              331 AGWLI    0   0
 PERLND:EXTNL              332 PETINP   0   0
 PERLND:EXTNL              338 IRRINP   0   0
 PERLND:PWATER             872 PERS     0   0
 PERLND:PWATER             873 CEPS     0   0
 PERLND:PWATER             874 SURS     0   0
 PERLND:PWATER             875 UZS      0   0
 PERLND:PWATER             876 IFWS     0   0
 PERLND:PWATER             877 LZS      0   0
 PERLND:PWATER             878 AGWS     0   0
 PERLND:PWATER             879 TGWS     0   0
 PERLND:PWATER             880 GWEL     0   0
 PERLND:PWATER             881 GWVS     0   0
 PERLND:PWATER             882 INFFAC   0   0
 PERLND:PWATER             883 PETADJ   0   0
 PERLND:PWATER             884 RPARM    0   0
 PERLND:PWATER             885 RZWS     0   0
 PERLND:PWATER            1053 SUPY     0   0
 PERLND:PWATER            1054 SURO     0   0
 PERLND:PWATER            1055 IFWO     0   0
 PERLND:PWATER            1056 AGWO     0   0
 PERLND:PWATER            1057 PERO     0   0
 PERLND:PWATER            1058 IGWI     0   0
 PERLND:PWATER            1059 PET      0   0
 PERLND:PWATER            1060 CEPE     0   0
 PERLND:PWATER            1061 SURET    0   0
 PERLND:PWATER            1062 UZET     0   0
 PERLND:PWATER            1063 LZET     0   0
 PERLND:PWATER            1064 AGWET    0   0
 PERLND:PWATER            1065 BASET    0   0
 PERLND:PWATER            1066 TAET     0   0
 PERLND:PWATER            1067 IFWI     0   0
 PERLND:PWATER            1068 UZI      0   0
 PERLND:PWATER            1069 INFIL    0   0
 PERLND:PWATER            1070 PERC     0   0
 PERLND:PWATER            1071 LZI      0   0
 PERLND:PWATER            1072 AGWI     0   0
 PERLND:PWATER            1073 SURI     0   0
 PERLND:PWATER            1074 IRRDEM   0   0
 PERLND:PWATER            1075 IRSHRT   0   0
 PERLND:PWATER            1076 IRDRAW   3   0
 PERLND:PWATER            1079 IRRAPP   6   0
 PERLND:EXTNL             1090 SLSED    0   0
 PERLND:SEDMNT            1130 DETS     0   0
 PERLND:SEDMNT            1131 STCAP    0   0
 PERLND:SEDMNT            1132 COVER    0   0
 PERLND:SEDMNT            1154 WSSD     0   0
 PERLND:SEDMNT            1155 SCRSD    0   0
 PERLND:SEDMNT            1156 SOSED    0   0
 PERLND:SEDMNT            1157 DET      0   0
 PERLND:SEDMNT            1158 NVSI     0   0
 PERLND:PSTEMP            1246 AIRTC    0   0
 PERLND:PSTEMP            1247 SLTMP    0   0
 PERLND:PSTEMP            1248 ULTMP    0   0
 PERLND:PSTEMP            1249 LGTMP    0   0
 PERLND:EXTNL             1259 SLITMP   0   0
 PERLND:EXTNL             1260 ILITMP   0   0
 PERLND:EXTNL             1261 ALITMP   0   0
 PERLND:EXTNL             1262 SLIDOX   0   0
 PERLND:EXTNL             1263 ILIDOX   0   0
 PERLND:EXTNL             1264 ALIDOX   0   0
 PERLND:EXTNL             1265 SLICO2   0   0
 PERLND:EXTNL             1266 ILICO2   0   0
 PERLND:EXTNL             1267 ALICO2   0   0
 PERLND:PWTGAS            1338 SOTMP    0   0
 PERLND:PWTGAS            1339 IOTMP    0   0
 PERLND:PWTGAS            1340 AOTMP    0   0
 PERLND:PWTGAS            1341 SODOX    0   0
 PERLND:PWTGAS            1342 SOCO2    0   0
 PERLND:PWTGAS            1343 IODOX    0   0
 PERLND:PWTGAS            1344 IOCO2    0   0
 PERLND:PWTGAS            1345 AODOX    0   0
 PERLND:PWTGAS            1346 AOCO2    0   0
 PERLND:PWTGAS            1395 SOHT     0   0
 PERLND:PWTGAS            1396 IOHT     0   0
 PERLND:PWTGAS            1397 AOHT     0   0
 PERLND:PWTGAS            1398 POHT     0   0
 PERLND:PWTGAS            1399 SODOXM   0   0
 PERLND:PWTGAS            1400 SOCO2M   0   0
 PERLND:PWTGAS            1401 IODOXM   0   0
 PERLND:PWTGAS            1402 IOCO2M   0   0
 PERLND:PWTGAS            1403 AODOXM   0   0
 PERLND:PWTGAS            1404 AOCO2M   0   0
 PERLND:PWTGAS            1405 PODOXM   0   0
 PERLND:PWTGAS            1406 POCO2M   0   0
 PERLND:EXTNL             1463 SLIQO    7   0
 PERLND:EXTNL             1470 SLIQSP   7   0
 PERLND:EXTNL             1477 ILIQC    7   0
 PERLND:EXTNL             1484 ALIQC    7   0
 PERLND:EXTNL             1491 PQADFX  10   0
 PERLND:EXTNL             1501 PQADCN  10   0
 PERLND:PQUAL             2512 SQO      7   0
 PERLND:PQUAL             2519 SOQSP    7   0
 PERLND:PQUAL             2526 IOQC     7   0
 PERLND:PQUAL             2533 AOQC     7   0
 PERLND:PQUAL             2886 WASHQS   7   0
 PERLND:PQUAL             2893 SCRQS    7   0
 PERLND:PQUAL             2900 SOQS     7   0
 PERLND:PQUAL             2907 SOQO     7   0
 PERLND:PQUAL             2914 SOQOC    7   0
 PERLND:PQUAL             2921 SOQUAL  10   0
 PERLND:PQUAL             2931 SOQC    10   0
 PERLND:PQUAL             2941 IOQUAL   7   0
 PERLND:PQUAL             2948 AOQUAL   7   0
 PERLND:PQUAL             2955 POQUAL  10   0
 PERLND:PQUAL             2965 POQC    10   0
 PERLND:PQUAL             2975 PQADDR  10   0
 PERLND:PQUAL             2985 PQADWT  10   0
 PERLND:PQUAL             2995 PQADEP  10   0
 PERLND:PQUAL             3005 ISQO     7   0
 PERLND:MSTLAY            3029 MST      5   0
 PERLND:MSTLAY            3034 FRAC     8   0
 PERLND:EXTNL             3147 LIPSS    5   3
 PERLND:EXTNL             3162 LISDPS   2   3
 PERLND:EXTNL             3168 PEADFX   3   3
 PERLND:EXTNL             3177 PEADCN   3   3
 PERLND:PEST              3669 SPS      3   3
 PERLND:PEST              3678 UPS      3   3
 PERLND:PEST              3687 IPS      3   0
 PERLND:PEST              3690 LPS      3   3
 PERLND:PEST              3699 APS      3   3
 PERLND:PEST              3708 TPS      3   3
 PERLND:PEST              3717 TPST     5   3
 PERLND:PEST              3732 TOTPST   3   0
 PERLND:PEST              4071 SDPS     2   3
 PERLND:PEST              4077 TSPSS    5   3
 PERLND:PEST              4092 SSPSS    3   3
 PERLND:PEST              4101 SDEGPS   3   0
 PERLND:PEST              4104 UDEGPS   3   0
 PERLND:PEST              4107 LDEGPS   3   0
 PERLND:PEST              4110 ADEGPS   3   0
 PERLND:PEST              4113 TDEGPS   3   0
 PERLND:PEST              4116 SOSDPS   3   0
 PERLND:PEST              4119 SOPEST   3   0
 PERLND:PEST              4122 POPST    3   0
 PERLND:PEST              4125 TOPST    3   0
 PERLND:PEST              4128 PEADDR   3   3
 PERLND:PEST              4137 PEADWT   3   3
 PERLND:PEST              4146 PEADEP   3   3
 PERLND:NITR              4175 NITIF    4   0
 PERLND:EXTNL             4294 LIAMS    5   0
 PERLND:EXTNL             4299 LINO3    5   0
 PERLND:EXTNL             4304 LISLN    5   0
 PERLND:EXTNL             4309 LISRN    5   0
 PERLND:EXTNL             4314 LISEDN   3   0
 PERLND:EXTNL             4317 NIADFX   3   2
 PERLND:EXTNL             4323 NIADCN   3   2
 PERLND:NITR              5196 AGPLTN   0   0
 PERLND:NITR              5197 LITTRN   0   0
 PERLND:NITR              5198 SN       8   0
 PERLND:NITR              5206 UN       8   0
 PERLND:NITR              5214 IN       4   0
 PERLND:NITR              5218 LN       8   0
 PERLND:NITR              5226 AN       8   0
 PERLND:NITR              5234 TN       8   0
 PERLND:NITR              5242 TNIT     5   0
 PERLND:NITR              5247 TOTNIT   0   0
 PERLND:NITR              5248 NDFCT    5   0
 PERLND:NITR              5286 NUPTG    4   0
 PERLND:NITR              5993 SEDN     3   0
 PERLND:NITR              5996 TSAMS    5   0
 PERLND:NITR              6001 SSAMS    3   0
 PERLND:NITR              6004 TSNO3    5   0
 PERLND:NITR              6009 SSNO3    3   0
 PERLND:NITR              6012 DENIF    5   0
 PERLND:NITR              6017 TDENIF   0   0
 PERLND:NITR              6018 AMNIT    5   0
 PERLND:NITR              6023 AMIMB    5   0
 PERLND:NITR              6028 ORNMN    5   0
 PERLND:NITR              6033 NIADDR   3   2
 PERLND:NITR              6039 NIADWT   3   2
 PERLND:NITR              6045 NIADEP   3   2
 PERLND:NITR              6051 NFIXFX   5   0
 PERLND:NITR              6056 TSSLN    5   0
 PERLND:NITR              6061 SSSLN    3   0
 PERLND:NITR              6064 TSSRN    5   0
 PERLND:NITR              6069 SSSRN    3   0
 PERLND:NITR              6072 NIIMB    5   0
 PERLND:NITR              6077 AMVOL    5   0
 PERLND:NITR              6082 REFRON   5   0
 PERLND:NITR              6087 NIUPA    5   0
 PERLND:NITR              6092 AMUPA    5   0
 PERLND:NITR              6097 NIUPB    5   0
 PERLND:NITR              6102 AMUPB    5   0
 PERLND:NITR              6107 RETAGN   0   0
 PERLND:NITR              6108 RTLLN    3   0
 PERLND:NITR              6111 RTRLN    3   0
 PERLND:NITR              6114 RTLBN    5   0
 PERLND:NITR              6119 RTRBN    5   0
 PERLND:NITR              6124 SOSEDN   0   0
 PERLND:NITR              6125 PONO3    0   0
 PERLND:NITR              6126 PONH4    0   0
 PERLND:NITR              6127 POORN    0   0
 PERLND:NITR              6128 PONITR   0   0
 PERLND:PHOS              6144 PHOIF    3   0
 PERLND:EXTNL             6182 LIP4S    5   0
 PERLND:EXTNL             6187 LISEDP   2   0
 PERLND:EXTNL             6189 PHADFX   2   2
 PERLND:EXTNL             6193 PHADCN   2   2
 PERLND:PHOS              6501 SP       4   0
 PERLND:PHOS              6505 UP       4   0
 PERLND:PHOS              6509 IP       0   0
 PERLND:PHOS              6510 LP       4   0
 PERLND:PHOS              6514 AP       4   0
 PERLND:PHOS              6518 TP       4   0
 PERLND:PHOS              6522 TPHO     5   0
 PERLND:PHOS              6527 TOTPHO   0   0
 PERLND:PHOS              6528 PDFCT    5   0
 PERLND:PHOS              6541 PUPTG    4   0
 PERLND:PHOS              6715 SEDP     2   0
 PERLND:PHOS              6717 TSP4S    5   0
 PERLND:PHOS              6722 SSP4S    3   0
 PERLND:PHOS              6725 P4IMB    5   0
 PERLND:PHOS              6730 ORPMN    5   0
 PERLND:PHOS              6735 SOSEDP   0   0
 PERLND:PHOS              6736 POPHOS   0   0
 PERLND:PHOS              6737 PHADDR   2   2
 PERLND:PHOS              6741 PHADWT   2   2
 PERLND:PHOS              6745 PHADEP   2   2
 PERLND:EXTNL             6774 LITRS    5   0
 PERLND:EXTNL             6779 TRADFX   2   0
 PERLND:EXTNL             6781 TRADCN   2   0
 PERLND:TRACER            6851 STRSU    0   0
 PERLND:TRACER            6852 UTRSU    0   0
 PERLND:TRACER            6853 ITRSU    0   0
 PERLND:TRACER            6854 LTRSU    0   0
 PERLND:TRACER            6855 ATRSU    0   0
 PERLND:TRACER            6856 TRSU     0   0
 PERLND:TRACER            6920 TSTRS    5   0
 PERLND:TRACER            6925 SSTRS    3   0
 PERLND:TRACER            6928 POTRS    0   0
 PERLND:TRACER            6929 TRADDR   2   0
 PERLND:TRACER            6931 TRADWT   2   0
 PERLND:TRACER            6933 TRADEP   2   0

