 RCHRES:EXTNL#INFLOW       619 IVOL     0   0
 RCHRES:HYDR               620 IVOL     0   0
 RCHRES:EXTNL#INFLOW       621 CIVOL   MC   0
 RCHRES:HYDR               721 CIVOL   MC   0
 RCHRES:EXTNL              821 PREC     0   0
 RCHRES:EXTNL              822 POTEV    0   0
 RCHRES:EXTNL             1833 COLIND  MX   0
 RCHRES:EXTNL             1838 OUTDGT  MX   0
 RCHRES:EXTNL             1843 COTDGT  MX  MC
 RCHRES:HYDR              4200 VOL      0   0
 RCHRES:HYDR              4201 CVOL    MC   0
 RCHRES:HYDR              4301 CDFVOL  MX  MC
 RCHRES:HYDR              4801 DEP      0   0
 RCHRES:HYDR              4802 STAGE    0   0
 RCHRES:HYDR              4803 AVDEP    0   0
 RCHRES:HYDR              4804 TWID     0   0
 RCHRES:HYDR              4805 HRAD     0   0
 RCHRES:HYDR              4806 SAREA    0   0
 RCHRES:HYDR              4807 AVVEL    0   0
 RCHRES:HYDR              4808 AVSECT   0   0
 RCHRES:HYDR              4809 USTAR    0   0
 RCHRES:HYDR              4810 TAU      0   0
 RCHRES:HYDR              4811 RO       0   0
 RCHRES:HYDR              4812 CRO     MC   0
 RCHRES:HYDR              5422 O       MX   0
 RCHRES:HYDR              5427 CO      MX  MC
 RCHRES:HYDR              6442 PRSUPY   0   0
 RCHRES:HYDR              6443 VOLEV    0   0
 RCHRES:HYDR#ROFLOW       6444 ROVOL    0   0
 RCHRES:HYDR#ROFLOW       6445 CROVOL  MC   0
 RCHRES:HYDR#OFLOW        9070 OVOL    MX   0
 RCHRES:HYDR#OFLOW        9075 COVOL   MX  MC
 RCHRES:HYDR              9585 RIRDEM   0   0
 RCHRES:HYDR              9586 RIRSHT   0   0
 RCHRES:EXTNL#INFLOW      9650 ICON    10   0
 RCHRES:CONS              9660 ICON    10   0
 RCHRES:EXTNL             9670 COADFX  10   0
 RCHRES:EXTNL             9680 COADCN  10   0
 RCHRES:CONS             10181 CON     10   0
 RCHRES:CONS#ROFLOW      10241 ROCON   10   0
 RCHRES:CONS#OFLOW       10501 OCON    MX  10
 RCHRES:CONS             10661 COADDR  10   0
 RCHRES:CONS             10671 COADWT  10   0
 RCHRES:CONS             10681 COADEP  10   0
 RCHRES:INFLOW           10701 IHEAT    0   0
 RCHRES:HTRCH            10702 IHEAT    0   0
 RCHRES:EXTNL            10703 SOLRAD   0   0
 RCHRES:EXTNL            10704 CLOUD    0   0
 RCHRES:EXTNL            10705 DEWTMP   0   0
 RCHRES:EXTNL            10706 GATMP    0   0
 RCHRES:EXTNL            10707 WIND     0   0
 RCHRES:EXTNL            10857 TGRND    0   0
 RCHRES:HTRCH            10975 TW       0   0
 RCHRES:HTRCH            10976 AIRTMP   0   0
 RCHRES:HTRCH            10987 HTEXCH   0   0
 RCHRES:HTRCH#ROFLOW     10988 ROHEAT   0   0
 RCHRES:HTRCH#OFLOW      11014 OHEAT   MX   0
 RCHRES:HTRCH            11054 HTCF4    7   0
 RCHRES:INFLOW           11081 ISED     3   0
 RCHRES:SEDTRN           11084 ISED     4   0
 RCHRES:SEDTRN           11173 RSED    10   0
 RCHRES:SEDTRN           11183 SSED     4   0
 RCHRES:SEDTRN           11187 TSED     3   0
 RCHRES:SEDTRN           11190 BEDDEP   0   0
 RCHRES:SEDTRN           11231 DEPSCR   4   0
 RCHRES:SEDTRN#ROFLOW    11235 ROSED    4   0
 RCHRES:SEDTRN#OFLOW     11339 OSED    MX   4
 RCHRES:INFLOW           11442 IDQAL    3   0
 RCHRES:GQUAL            11445 IDQAL    3   0
 RCHRES:INFLOW           11448 ISQAL    3   3
 RCHRES:GQUAL            11457 ISQAL    4   3
 RCHRES:GQUAL            11469 TIQAL    3   0
 RCHRES:EXTNL            11472 PHVAL    0   0
 RCHRES:EXTNL            11473 ROC      0   0
 RCHRES:EXTNL            11474 BIO      3   0
 RCHRES:EXTNL            11477 GQADFX   3   0
 RCHRES:EXTNL            11480 GQADCN   3   0
 RCHRES:GQUAL            12237 DQAL     3   0
 RCHRES:GQUAL            12240 SQAL     6   3
 RCHRES:GQUAL            12258 RDQAL    3   0
 RCHRES:GQUAL            12261 RSQAL   12   3
 RCHRES:GQUAL            12297 RRQAL    3   0
 RCHRES:GQUAL            13131 PDQAL    3   0
 RCHRES:GQUAL            13134 DDQAL    7   3
 RCHRES:GQUAL#ROFLOW     13155 RODQAL   3   0
 RCHRES:GQUAL            13158 DSQAL    4   3
 RCHRES:GQUAL#ROFLOW     13170 ROSQAL   4   3
 RCHRES:GQUAL            13182 TROQAL   3   0
 RCHRES:GQUAL            13185 SQDEC    7   3
 RCHRES:GQUAL            13206 ADQAL    7   3
 RCHRES:GQUAL#OFLOW      13227 ODQAL   MX   3
 RCHRES:GQUAL#OFLOW      13242 OSQAL   MX   3
 RCHRES:GQUAL            13287 TOSQAL  MX   3
 RCHRES:GQUAL            13302 TOQAL   MX   3
 RCHRES:GQUAL            13317 GQADDR   3   0
 RCHRES:GQUAL            13320 GQADWT   3   0
 RCHRES:GQUAL            13323 GQADEP   3   0
 RCHRES:INFLOW           13345 OXIF     2   0
 RCHRES:OXRX             13347 OXIF     2   0
 RCHRES:OXRX             13380 DOX      0   0
 RCHRES:OXRX             13381 BOD      0   0
 RCHRES:OXRX             13382 SATDO    0   0
 RCHRES:OXRX#ROFLOW      13393 OXCF1    2   0
 RCHRES:OXRX#OFLOW       13447 OXCF2   MX   2
 RCHRES:OXRX             13537 OXCF3    8   0
 RCHRES:OXRX             13545 OXCF4    8   0
 RCHRES:INFLOW           13617 NUIF1    4   0
 RCHRES:NUTRX            13621 NUIF1    4   0
 RCHRES:INFLOW           13625 NUIF2    3   2
 RCHRES:NUTRX            13631 NUIF2    4   2
 RCHRES:NUTRX            13639 TNUIF    4   0
 RCHRES:EXTNL            13643 NUADFX   3   0
 RCHRES:EXTNL            13646 NUADCN   3   0
 RCHRES:NUTRX            13835 DNUST    6   0
 RCHRES:NUTRX            13841 SNH4     3   0
 RCHRES:NUTRX            13844 SPO4     3   0
 RCHRES:NUTRX            13847 DNUST2   6   0
 RCHRES:NUTRX            13853 RSNH4   12   0
 RCHRES:NUTRX            13865 RSPO4   12   0
 RCHRES:NUTRX            13877 NUST     4   0
 RCHRES:NUTRX#ROFLOW     14489 NUCF1    4   0
 RCHRES:NUTRX#ROFLOW     14493 NUCF2    4   2
 RCHRES:NUTRX            14501 TNUCF1   4   0
 RCHRES:NUTRX            14505 NUCF3    4   2
 RCHRES:NUTRX            14513 NUCF4    7   0
 RCHRES:NUTRX            14520 NUCF5    8   0
 RCHRES:NUTRX            14528 NUCF6    1   0
 RCHRES:NUTRX            14529 NUCF7    6   0
 RCHRES:NUTRX            14535 NUCF8    4   2
 RCHRES:NUTRX#OFLOW      14543 NUCF9   MX   4
 RCHRES:NUTRX#OFLOW      14563 NUCF10  MX   4
 RCHRES:NUTRX            14603 TNUCF2  MX   4
 RCHRES:NUTRX            14623 NUADDR   3   0
 RCHRES:NUTRX            14626 NUADWT   3   0
 RCHRES:NUTRX            14629 NUADEP   3   0
 RCHRES:INFLOW           14657 PKIF     5   0
 RCHRES:PLANK            14662 PKIF     5   0
 RCHRES:PLANK            14692 TPKIF    5   0
 RCHRES:EXTNL            14697 PLADFX   3   0
 RCHRES:EXTNL            14700 PLADCN   3   0
 RCHRES:PLANK            14946 PKST3    7   0
 RCHRES:PLANK            14953 PHYTO    0   0
 RCHRES:PLANK            14954 ZOO      0   0
 RCHRES:PLANK            14955 BENAL    4   0
 RCHRES:PLANK            14959 PHYCLA   0   0
 RCHRES:PLANK            14960 BALCLA   4   0
 RCHRES:PLANK            14964 TBENAL   2   0
 RCHRES:PLANK            14966 PKST4    2   0
 RCHRES:PLANK#ROFLOW     15494 PKCF1    5   0
 RCHRES:PLANK            15499 TPKCF1   5   0
 RCHRES:PLANK#OFLOW      15504 PKCF2   MX   5
 RCHRES:PLANK            15529 TPKCF2  MX   5
 RCHRES:PLANK            15554 PLADDR   3   0
 RCHRES:PLANK            15557 PLADWT   3   0
 RCHRES:PLANK            15560 PLADEP   3   0
 RCHRES:PLANK            15563 PKCF5    5   0
 RCHRES:PLANK            15568 PKCF6    3   0
 RCHRES:PLANK            15571 PKCF7    3   4
 RCHRES:PLANK            15583 TPKCF7   3   0
 RCHRES:PLANK            15586 PKCF8    5   0
 RCHRES:PLANK            15591 PKCF9    5   0
 RCHRES:PLANK            15596 PKCF10   5   0
 RCHRES:INFLOW           15611 PHIF     2   0
 RCHRES:PHCARB           15613 PHIF     2   0
 RCHRES:PHCARB           15625 PHST     3   0
 RCHRES:PHCARB           15629 SATCO2   0   0
 RCHRES:PHCARB#ROFLOW    15640 PHCF1    2   0
 RCHRES:PHCARB#OFLOW     15692 PHCF2   MX   2
 RCHRES:PHCARB           15737 PHCF3    7   0
 RCHRES:ACIDPH           15811 ACCONC   7   0
 RCHRES:ACIDPH           15853 ACSTOR   7   0
 RCHRES:INFLOW           15895 ACINFL   7   0
 RCHRES:ACIDPH           15902 ACINFL   7   0
 RCHRES:ACIDPH#ROFLOW    15944 ACFLX1   7   0
 RCHRES:ACIDPH#OFLOW     16126 ACFLX2  MX   7
 RCHRES:ACIDPH           16211 ACFLXC  10   0
 RCHRES:ACIDPH           16236 ACFLXG   3   0
 RCHRES:ACIDPH           16275 ACPH     0   0

