 IMPLND:EXTNL               96 GATMP    0   0
 IMPLND:EXTNL               97 PREC     0   0
 IMPLND:ATEMP              125 AIRTMP   0   0
 IMPLND:EXTNL              134 DTMPG    0   0
 IMPLND:EXTNL              135 WINMOV   0   0
 IMPLND:EXTNL              136 SOLRAD   0   0
 IMPLND:EXTNL              137 CLOUD    0   0
 IMPLND:SNOW               243 PACK     0   0
 IMPLND:SNOW               244 PACKF    0   0
 IMPLND:SNOW               245 PACKW    0   0
 IMPLND:SNOW               246 PACKI    0   0
 IMPLND:SNOW               247 PDEPTH   0   0
 IMPLND:SNOW               248 COVINX   0   0
 IMPLND:SNOW               249 NEGHTS   0   0
 IMPLND:SNOW               250 XLNMLT   0   0
 IMPLND:SNOW               251 RDENPF   0   0
 IMPLND:SNOW               252 SKYCLR   0   0
 IMPLND:SNOW               253 SNOCOV   0   0
 IMPLND:SNOW               254 DULL     0   0
 IMPLND:SNOW               255 ALBEDO   0   0
 IMPLND:SNOW               256 PAKTMP   0   0
 IMPLND:SNOW               257 DEWTMP   0   0
 IMPLND:SNOW               258 SNOTMP   0   0
 IMPLND:SNOW               295 SNOWF    0   0
 IMPLND:SNOW               296 PRAIN    0   0
 IMPLND:SNOW               297 SNOWE    0   0
 IMPLND:SNOW               298 WYIELD   0   0
 IMPLND:SNOW               299 MELT     0   0
 IMPLND:SNOW               300 RAINF    0   0
 IMPLND:EXTNL              307 SURLI    0   0
 IMPLND:EXTNL              308 PETINP   0   0
 IMPLND:IWATER             357 IMPS     0   0
 IMPLND:IWATER             358 RETS     0   0
 IMPLND:IWATER             359 SURS     0   0
 IMPLND:IWATER             360 PETADJ   0   0
 IMPLND:IWATER             393 SUPY     0   0
 IMPLND:IWATER             394 SURO     0   0
 IMPLND:IWATER             395 PET      0   0
 IMPLND:IWATER             396 IMPEV    0   0
 IMPLND:IWATER             397 SURI     0   0
 IMPLND:EXTNL              403 SLSLD    0   0
 IMPLND:SOLIDS             435 SLDS     0   0
 IMPLND:SOLIDS             443 SOSLD    0   0
 IMPLND:EXTNL              447 SLITMP   0   0
 IMPLND:EXTNL              448 SLIDOX   0   0
 IMPLND:EXTNL              449 SLICO2   0   0
 IMPLND:IWTGAS             482 SOTMP    0   0
 IMPLND:IWTGAS             483 SODOX    0   0
 IMPLND:IWTGAS             484 SOCO2    0   0
 IMPLND:IWTGAS             502 SOHT     0   0
 IMPLND:IWTGAS             503 SODOXM   0   0
 IMPLND:IWTGAS             504 SOCO2M   0   0
 IMPLND:EXTNL              547 SLIQO    7   0
 IMPLND:EXTNL              554 SLIQSP   7   0
 IMPLND:EXTNL              561 IQADFX  10   0
 IMPLND:EXTNL              571 IQADCN  10   0
 IMPLND:IQUAL             1232 SQO      7   0
 IMPLND:IQUAL             1239 SOQSP    7   0
 IMPLND:IQUAL             1453 SOQS     7   0
 IMPLND:IQUAL             1460 SOQO     7   0
 IMPLND:IQUAL             1467 SOQOC    7   0
 IMPLND:IQUAL             1474 SOQUAL  10   0
 IMPLND:IQUAL             1484 SOQC    10   0
 IMPLND:IQUAL             1494 IQADDR  10   0
 IMPLND:IQUAL             1504 IQADWT  10   0
 IMPLND:IQUAL             1514 IQADEP  10   0

