 PERLND:EXTNL              115 GATMP    0   0
 PERLND:EXTNL              116 PREC     0   0
 PERLND:ATEMP              144 AIRTMP   0   0
 PERLND:EXTNL              153 DTMPG    0   0
 PERLND:EXTNL              154 WINMOV   0   0
 PERLND:EXTNL              155 SOLRAD   0   0
 PERLND:EXTNL              156 CLOUD    0   0
 PERLND:SNOW               262 PACK     0   0
 PERLND:SNOW               263 PACKF    0   0
 PERLND:SNOW               264 PACKW    0   0
 PERLND:SNOW               265 PACKI    0   0
 PERLND:SNOW               266 PDEPTH   0   0
 PERLND:SNOW               267 COVINX   0   0
 PERLND:SNOW               268 NEGHTS   0   0
 PERLND:SNOW               269 XLNMLT   0   0
 PERLND:SNOW               270 RDENPF   0   0
 PERLND:SNOW               271 SKYCLR   0   0
 PERLND:SNOW               272 SNOCOV   0   0
 PERLND:SNOW               273 DULL     0   0
 PERLND:SNOW               274 ALBEDO   0   0
 PERLND:SNOW               275 PAKTMP   0   0
 PERLND:SNOW               276 DEWTMP   0   0
 PERLND:SNOW               277 SNOTMP   0   0
 PERLND:SNOW               314 SNOWF    0   0
 PERLND:SNOW               315 PRAIN    0   0
 PERLND:SNOW               316 SNOWE    0   0
 PERLND:SNOW               317 WYIELD   0   0
 PERLND:SNOW               318 MELT     0   0
 PERLND:SNOW               319 RAINF    0   0
 PERLND:EXTNL              346 SURLI    0   0
 PERLND:EXTNL              347 UZLI     0   0
 PERLND:EXTNL              348 IFWLI    0   0
 PERLND:EXTNL              349 LZLI     0   0
 PERLND:EXTNL              350 AGWLI    0   0
 PERLND:EXTNL              351 PETINP   0   0
 PERLND:EXTNL              357 IRRINP   0   0
 PERLND:PWATER             964 PERS     0   0
 PERLND:PWATER             965 CEPS     5   0
 PERLND:PWATER             970 SURS     0   0
 PERLND:PWATER             971 UZS      0   0
 PERLND:PWATER             972 IFWS     0   0
 PERLND:PWATER             973 LZS      0   0
 PERLND:PWATER             974 AGWS     0   0
 PERLND:PWATER             975 TGWS     0   0
 PERLND:PWATER             976 GWEL     0   0
 PERLND:PWATER             977 GWVS     0   0
 PERLND:PWATER             978 INFFAC   0   0
 PERLND:PWATER             979 PETADJ   0   0
 PERLND:PWATER             980 RPARM    0   0
 PERLND:PWATER             981 RZWS     0   0
 PERLND:PWATER            1173 SUPY     0   0
 PERLND:PWATER            1174 SURO     0   0
 PERLND:PWATER            1175 IFWO     0   0
 PERLND:PWATER            1176 AGWO     0   0
 PERLND:PWATER            1177 PERO     0   0
 PERLND:PWATER            1178 IGWI     0   0
 PERLND:PWATER            1179 PET      0   0
 PERLND:PWATER            1180 CEPE     5   0
 PERLND:PWATER            1185          0   0
 PERLND:PWATER            1186          0   0
 PERLND:PWATER            1187          5   0
 PERLND:PWATER            1192          0   0
 PERLND:PWATER            1193 SURET    0   0
 PERLND:PWATER            1194 UZET     0   0
 PERLND:PWATER            1195 LZET     0   0
 PERLND:PWATER            1196 AGWET    0   0
 PERLND:PWATER            1197 BASET    0   0
 PERLND:PWATER            1198 TAET     0   0
 PERLND:PWATER            1199 IFWI     0   0
 PERLND:PWATER            1200 UZI      0   0
 PERLND:PWATER            1201 INFIL    0   0
 PERLND:PWATER            1202 PERC     0   0
 PERLND:PWATER            1203 LZI      0   0
 PERLND:PWATER            1204 AGWI     0   0
 PERLND:PWATER            1205 SURI     0   0
 PERLND:PWATER            1206 IRRDEM   0   0
 PERLND:PWATER            1207 IRSHRT   0   0
 PERLND:PWATER            1208 IRDRAW   3   0
 PERLND:PWATER            1211 IRRAPP   6   0
 PERLND:EXTNL             1222 SLSED    0   0
 PERLND:SEDMNT            1262 DETS     0   0
 PERLND:SEDMNT            1263 STCAP    0   0
 PERLND:SEDMNT            1264 COVER    0   0
 PERLND:SEDMNT            1286 WSSD     0   0
 PERLND:SEDMNT            1287 SCRSD    0   0
 PERLND:SEDMNT            1288 SOSED    0   0
 PERLND:SEDMNT            1289 DET      0   0
 PERLND:SEDMNT            1290 NVSI     0   0
 PERLND:PSTEMP            1378 AIRTC    0   0
 PERLND:PSTEMP            1379 SLTMP    0   0
 PERLND:PSTEMP            1380 ULTMP    0   0
 PERLND:PSTEMP            1381 LGTMP    0   0
 PERLND:EXTNL             1391 SLITMP   0   0
 PERLND:EXTNL             1392 ILITMP   0   0
 PERLND:EXTNL             1393 ALITMP   0   0
 PERLND:EXTNL             1394 SLIDOX   0   0
 PERLND:EXTNL             1395 ILIDOX   0   0
 PERLND:EXTNL             1396 ALIDOX   0   0
 PERLND:EXTNL             1397 SLICO2   0   0
 PERLND:EXTNL             1398 ILICO2   0   0
 PERLND:EXTNL             1399 ALICO2   0   0
 PERLND:PWTGAS            1470 SOTMP    0   0
 PERLND:PWTGAS            1471 IOTMP    0   0
 PERLND:PWTGAS            1472 AOTMP    0   0
 PERLND:PWTGAS            1473 SODOX    0   0
 PERLND:PWTGAS            1474 SOCO2    0   0
 PERLND:PWTGAS            1475 IODOX    0   0
 PERLND:PWTGAS            1476 IOCO2    0   0
 PERLND:PWTGAS            1477 AODOX    0   0
 PERLND:PWTGAS            1478 AOCO2    0   0
 PERLND:PWTGAS            1527 SOHT     0   0
 PERLND:PWTGAS            1528 IOHT     0   0
 PERLND:PWTGAS            1529 AOHT     0   0
 PERLND:PWTGAS            1530 POHT     0   0
 PERLND:PWTGAS            1531 SODOXM   0   0
 PERLND:PWTGAS            1532 SOCO2M   0   0
 PERLND:PWTGAS            1533 IODOXM   0   0
 PERLND:PWTGAS            1534 IOCO2M   0   0
 PERLND:PWTGAS            1535 AODOXM   0   0
 PERLND:PWTGAS            1536 AOCO2M   0   0
 PERLND:PWTGAS            1537 PODOXM   0   0
 PERLND:PWTGAS            1538 POCO2M   0   0
 PERLND:EXTNL             1619 SLIQO   MQ   0
 PERLND:EXTNL             1629 SLIQSP  MQ   0
 PERLND:EXTNL             1639 ILIQC   MQ   0
 PERLND:EXTNL             1649 ALIQC   MQ   0
 PERLND:EXTNL             1659 PQADFX  MQ   0
 PERLND:EXTNL             1669 PQADCN  MQ   0
 PERLND:PQUAL             2944 SQO     MQ   0
 PERLND:PQUAL             2954 SOQSP   MQ   0
 PERLND:PQUAL             2964 IOQC    MQ   0
 PERLND:PQUAL             2974 AOQC    MQ   0
 PERLND:PQUAL             3414 WASHQS  MQ   0
 PERLND:PQUAL             3424 SCRQS   MQ   0
 PERLND:PQUAL             3434 SOQS    MQ   0
 PERLND:PQUAL             3444 SOQO    MQ   0
 PERLND:PQUAL             3454 SOQOC   MQ   0
 PERLND:PQUAL             3464 SOQUAL  MQ   0
 PERLND:PQUAL             3474 SOQC    MQ   0
 PERLND:PQUAL             3484 IOQUAL  MQ   0
 PERLND:PQUAL             3494 AOQUAL  MQ   0
 PERLND:PQUAL             3504 POQUAL  MQ   0
 PERLND:PQUAL             3514 POQC    MQ   0
 PERLND:PQUAL             3524 PQADDR  MQ   0
 PERLND:PQUAL             3534 PQADWT  MQ   0
 PERLND:PQUAL             3544 PQADEP  MQ   0
 PERLND:PQUAL             3554 ISQO    MQ   0
 PERLND:MSTLAY            3581 MST      5   0
 PERLND:MSTLAY            3586 FRAC     8   0
 PERLND:EXTNL             3699 LIPSS    5   3
 PERLND:EXTNL             3714 LISDPS   2   3
 PERLND:EXTNL             3720 PEADFX   3   3
 PERLND:EXTNL             3729 PEADCN   3   3
 PERLND:PEST              4221 SPS      3   3
 PERLND:PEST              4230 UPS      3   3
 PERLND:PEST              4239 IPS      3   0
 PERLND:PEST              4242 LPS      3   3
 PERLND:PEST              4251 APS      3   3
 PERLND:PEST              4260 TPS      3   3
 PERLND:PEST              4269 TPST     5   3
 PERLND:PEST              4284 TOTPST   3   0
 PERLND:PEST              4623 SDPS     2   3
 PERLND:PEST              4629 TSPSS    5   3
 PERLND:PEST              4644 SSPSS    3   3
 PERLND:PEST              4653 SDEGPS   3   0
 PERLND:PEST              4656 UDEGPS   3   0
 PERLND:PEST              4659 LDEGPS   3   0
 PERLND:PEST              4662 ADEGPS   3   0
 PERLND:PEST              4665 TDEGPS   3   0
 PERLND:PEST              4668 SOSDPS   3   0
 PERLND:PEST              4671 SOPEST   3   0
 PERLND:PEST              4674 POPST    3   0
 PERLND:PEST              4677 TOPST    3   0
 PERLND:PEST              4680 PEADDR   3   3
 PERLND:PEST              4689 PEADWT   3   3
 PERLND:PEST              4698 PEADEP   3   3
 PERLND:NITR              4727 NITIF    4   0
 PERLND:EXTNL             4846 LIAMS    5   0
 PERLND:EXTNL             4851 LINO3    5   0
 PERLND:EXTNL             4856 LISLN    5   0
 PERLND:EXTNL             4861 LISRN    5   0
 PERLND:EXTNL             4866 LISEDN   3   0
 PERLND:EXTNL             4869 NIADFX   3   2
 PERLND:EXTNL             4875 NIADCN   3   2
 PERLND:NITR              5748 AGPLTN   0   0
 PERLND:NITR              5749 LITTRN   0   0
 PERLND:NITR              5750 SN       8   0
 PERLND:NITR              5758 UN       8   0
 PERLND:NITR              5766 IN       4   0
 PERLND:NITR              5770 LN       8   0
 PERLND:NITR              5778 AN       8   0
 PERLND:NITR              5786 TN       8   0
 PERLND:NITR              5794 TNIT     5   0
 PERLND:NITR              5799 TOTNIT   0   0
 PERLND:NITR              5800 NDFCT    5   0
 PERLND:NITR              5838 NUPTG    4   0
 PERLND:NITR              6545 SEDN     3   0
 PERLND:NITR              6548 TSAMS    5   0
 PERLND:NITR              6553 SSAMS    3   0
 PERLND:NITR              6556 TSNO3    5   0
 PERLND:NITR              6561 SSNO3    3   0
 PERLND:NITR              6564 DENIF    5   0
 PERLND:NITR              6569 TDENIF   0   0
 PERLND:NITR              6570 AMNIT    5   0
 PERLND:NITR              6575 AMIMB    5   0
 PERLND:NITR              6580 ORNMN    5   0
 PERLND:NITR              6585 NIADDR   3   2
 PERLND:NITR              6591 NIADWT   3   2
 PERLND:NITR              6597 NIADEP   3   2
 PERLND:NITR              6603 NFIXFX   5   0
 PERLND:NITR              6608 TSSLN    5   0
 PERLND:NITR              6613 SSSLN    3   0
 PERLND:NITR              6616 TSSRN    5   0
 PERLND:NITR              6621 SSSRN    3   0
 PERLND:NITR              6624 NIIMB    5   0
 PERLND:NITR              6629 AMVOL    5   0
 PERLND:NITR              6634 REFRON   5   0
 PERLND:NITR              6639 NIUPA    5   0
 PERLND:NITR              6644 AMUPA    5   0
 PERLND:NITR              6649 NIUPB    5   0
 PERLND:NITR              6654 AMUPB    5   0
 PERLND:NITR              6659 RETAGN   0   0
 PERLND:NITR              6660 RTLLN    3   0
 PERLND:NITR              6663 RTRLN    3   0
 PERLND:NITR              6666 RTLBN    5   0
 PERLND:NITR              6671 RTRBN    5   0
 PERLND:NITR              6676 SOSEDN   0   0
 PERLND:NITR              6677 PONO3    0   0
 PERLND:NITR              6678 PONH4    0   0
 PERLND:NITR              6679 POORN    0   0
 PERLND:NITR              6680 PONITR   0   0
 PERLND:PHOS              6696 PHOIF    3   0
 PERLND:EXTNL             6734 LIP4S    5   0
 PERLND:EXTNL             6739 LISEDP   2   0
 PERLND:EXTNL             6741 PHADFX   2   2
 PERLND:EXTNL             6745 PHADCN   2   2
 PERLND:PHOS              7053 SP       4   0
 PERLND:PHOS              7057 UP       4   0
 PERLND:PHOS              7061 IP       0   0
 PERLND:PHOS              7062 LP       4   0
 PERLND:PHOS              7066 AP       4   0
 PERLND:PHOS              7070 TP       4   0
 PERLND:PHOS              7074 TPHO     5   0
 PERLND:PHOS              7079 TOTPHO   0   0
 PERLND:PHOS              7080 PDFCT    5   0
 PERLND:PHOS              7093 PUPTG    4   0
 PERLND:PHOS              7267 SEDP     2   0
 PERLND:PHOS              7269 TSP4S    5   0
 PERLND:PHOS              7274 SSP4S    3   0
 PERLND:PHOS              7277 P4IMB    5   0
 PERLND:PHOS              7282 ORPMN    5   0
 PERLND:PHOS              7287 SOSEDP   0   0
 PERLND:PHOS              7288 POPHOS   0   0
 PERLND:PHOS              7289 PHADDR   2   2
 PERLND:PHOS              7293 PHADWT   2   2
 PERLND:PHOS              7297 PHADEP   2   2
 PERLND:EXTNL             7326 LITRS    5   0
 PERLND:EXTNL             7331 TRADFX   2   0
 PERLND:EXTNL             7333 TRADCN   2   0
 PERLND:TRACER            7403 STRSU    0   0
 PERLND:TRACER            7404 UTRSU    0   0
 PERLND:TRACER            7405 ITRSU    0   0
 PERLND:TRACER            7406 LTRSU    0   0
 PERLND:TRACER            7407 ATRSU    0   0
 PERLND:TRACER            7408 TRSU     0   0
 PERLND:TRACER            7472 TSTRS    5   0
 PERLND:TRACER            7477 SSTRS    3   0
 PERLND:TRACER            7480 POTRS    0   0
 PERLND:TRACER            7481 TRADDR   2   0
 PERLND:TRACER            7483 TRADWT   2   0
 PERLND:TRACER            7485 TRADEP   2   0
 
