 RCHRES:EXTNL#INFLOW       601 IVOL     0   0
 RCHRES:HYDR               602 IVOL     0   0
 RCHRES:EXTNL#INFLOW       603 CIVOL   MC   0
 RCHRES:HYDR               703 CIVOL   MC   0
 RCHRES:EXTNL              803 PREC     0   0
 RCHRES:EXTNL              804 POTEV    0   0
 RCHRES:EXTNL             1815 COLIND  MX   0
 RCHRES:EXTNL             1820 OUTDGT  MX   0
 RCHRES:EXTNL             1825 COTDGT  MX  MC
 RCHRES:HYDR              4182 VOL      0   0
 RCHRES:HYDR              4183 CVOL    MC   0
 RCHRES:HYDR              4283 CDFVOL  MX  MC
 RCHRES:HYDR              4783 DEP      0   0
 RCHRES:HYDR              4784 STAGE    0   0
 RCHRES:HYDR              4785 AVDEP    0   0
 RCHRES:HYDR              4786 TWID     0   0
 RCHRES:HYDR              4787 HRAD     0   0
 RCHRES:HYDR              4788 SAREA    0   0
 RCHRES:HYDR              4789 AVVEL    0   0
 RCHRES:HYDR              4790 AVSECT   0   0
 RCHRES:HYDR              4791 USTAR    0   0
 RCHRES:HYDR              4792 TAU      0   0
 RCHRES:HYDR              4793 RO       0   0
 RCHRES:HYDR              4794 CRO     MC   0
 RCHRES:HYDR              5404 O       MX   0
 RCHRES:HYDR              5409 CO      MX  MC
 RCHRES:HYDR              6424 PRSUPY   0   0
 RCHRES:HYDR              6425 VOLEV    0   0
 RCHRES:HYDR#ROFLOW       6426 ROVOL    0   0
 RCHRES:HYDR#ROFLOW       6427 CROVOL  MC   0
 RCHRES:HYDR#OFLOW        9052 OVOL    MX   0
 RCHRES:HYDR#OFLOW        9057 COVOL   MX  MC
 RCHRES:HYDR              9567 RIRDEM   0   0
 RCHRES:HYDR              9568 RIRSHT   0   0
 RCHRES:EXTNL#INFLOW      9632 ICON    10   0
 RCHRES:CONS              9642 ICON    10   0
 RCHRES:EXTNL             9652 COADFX  10   0
 RCHRES:EXTNL             9662 COADCN  10   0
 RCHRES:CONS             10163 CON     10   0
 RCHRES:CONS#ROFLOW      10223 ROCON   10   0
 RCHRES:CONS#OFLOW       10483 OCON    MX  10
 RCHRES:CONS             10643 COADDR  10   0
 RCHRES:CONS             10653 COADWT  10   0
 RCHRES:CONS             10663 COADEP  10   0
 RCHRES:INFLOW           10683 IHEAT    0   0
 RCHRES:HTRCH            10684 IHEAT    0   0
 RCHRES:EXTNL            10685 SOLRAD   0   0
 RCHRES:EXTNL            10686 CLOUD    0   0
 RCHRES:EXTNL            10687 DEWTMP   0   0
 RCHRES:EXTNL            10688 GATMP    0   0
 RCHRES:EXTNL            10689 WIND     0   0
 RCHRES:EXTNL            10839 TGRND    0   0
 RCHRES:HTRCH            10957 TW       0   0
 RCHRES:HTRCH            10958 AIRTMP   0   0
 RCHRES:HTRCH            10969 HTEXCH   0   0
 RCHRES:HTRCH#ROFLOW     10970 ROHEAT   0   0
 RCHRES:HTRCH#OFLOW      10996 OHEAT   MX   0
 RCHRES:HTRCH            11036 HTCF4    7   0
 RCHRES:INFLOW           11063 ISED     3   0
 RCHRES:SEDTRN           11066 ISED     4   0
 RCHRES:SEDTRN           11155 RSED    10   0
 RCHRES:SEDTRN           11165 SSED     4   0
 RCHRES:SEDTRN           11169 TSED     3   0
 RCHRES:SEDTRN           11172 BEDDEP   0   0
 RCHRES:SEDTRN           11213 DEPSCR   4   0
 RCHRES:SEDTRN#ROFLOW    11217 ROSED    4   0
 RCHRES:SEDTRN#OFLOW     11321 OSED    MX   4
 RCHRES:INFLOW           11424 IDQAL    3   0
 RCHRES:GQUAL            11427 IDQAL    3   0
 RCHRES:INFLOW           11430 ISQAL    3   3
 RCHRES:GQUAL            11439 ISQAL    4   3
 RCHRES:GQUAL            11451 TIQAL    3   0
 RCHRES:EXTNL            11454 PHVAL    0   0
 RCHRES:EXTNL            11455 ROC      0   0
 RCHRES:EXTNL            11456 BIO      3   0
 RCHRES:EXTNL            11459 GQADFX   3   0
 RCHRES:EXTNL            11462 GQADCN   3   0
 RCHRES:GQUAL            12219 DQAL     3   0
 RCHRES:GQUAL            12222 SQAL     6   3
 RCHRES:GQUAL            12240 RDQAL    3   0
 RCHRES:GQUAL            12243 RSQAL   12   3
 RCHRES:GQUAL            12279 RRQAL    3   0
 RCHRES:GQUAL            13113 PDQAL    3   0
 RCHRES:GQUAL            13116 DDQAL    7   3
 RCHRES:GQUAL#ROFLOW     13137 RODQAL   3   0
 RCHRES:GQUAL            13140 DSQAL    4   3
 RCHRES:GQUAL#ROFLOW     13152 ROSQAL   4   3
 RCHRES:GQUAL            13164 TROQAL   3   0
 RCHRES:GQUAL            13167 SQDEC    7   3
 RCHRES:GQUAL            13188 ADQAL    7   3
 RCHRES:GQUAL#OFLOW      13209 ODQAL   MX   3
 RCHRES:GQUAL#OFLOW      13224 OSQAL   MX   3
 RCHRES:GQUAL            13269 TOSQAL  MX   3
 RCHRES:GQUAL            13284 TOQAL   MX   3
 RCHRES:GQUAL            13299 GQADDR   3   0
 RCHRES:GQUAL            13302 GQADWT   3   0
 RCHRES:GQUAL            13305 GQADEP   3   0
 RCHRES:INFLOW           13327 OXIF     2   0
 RCHRES:OXRX             13329 OXIF     2   0
 RCHRES:OXRX             13362 DOX      0   0
 RCHRES:OXRX             13363 BOD      0   0
 RCHRES:OXRX             13364 SATDO    0   0
 RCHRES:OXRX#ROFLOW      13375 OXCF1    2   0
 RCHRES:OXRX#OFLOW       13429 OXCF2   MX   2
 RCHRES:OXRX             13519 OXCF3    8   0
 RCHRES:OXRX             13527 OXCF4    8   0
 RCHRES:INFLOW           13599 NUIF1    4   0
 RCHRES:NUTRX            13603 NUIF1    4   0
 RCHRES:INFLOW           13607 NUIF2    3   2
 RCHRES:NUTRX            13613 NUIF2    4   2
 RCHRES:NUTRX            13621 TNUIF    4   0
 RCHRES:EXTNL            13625 NUADFX   3   0
 RCHRES:EXTNL            13628 NUADCN   3   0
 RCHRES:NUTRX            13817 DNUST    6   0
 RCHRES:NUTRX            13823 SNH4     3   0
 RCHRES:NUTRX            13826 SPO4     3   0
 RCHRES:NUTRX            13829 DNUST2   6   0
 RCHRES:NUTRX            13835 RSNH4   12   0
 RCHRES:NUTRX            13847 RSPO4   12   0
 RCHRES:NUTRX            13859 NUST     4   0
 RCHRES:NUTRX#ROFLOW     14471 NUCF1    4   0
 RCHRES:NUTRX#ROFLOW     14475 NUCF2    4   2
 RCHRES:NUTRX            14483 TNUCF1   4   0
 RCHRES:NUTRX            14487 NUCF3    4   2
 RCHRES:NUTRX            14495 NUCF4    7   0
 RCHRES:NUTRX            14502 NUCF5    8   0
 RCHRES:NUTRX            14510 NUCF6    1   0
 RCHRES:NUTRX            14511 NUCF7    6   0
 RCHRES:NUTRX            14517 NUCF8    4   2
 RCHRES:NUTRX#OFLOW      14525 NUCF9   MX   4
 RCHRES:NUTRX#OFLOW      14545 NUCF10  MX   4
 RCHRES:NUTRX            14585 TNUCF2  MX   4
 RCHRES:NUTRX            14605 NUADDR   3   0
 RCHRES:NUTRX            14608 NUADWT   3   0
 RCHRES:NUTRX            14611 NUADEP   3   0
 RCHRES:INFLOW           14639 PKIF     5   0
 RCHRES:PLANK            14644 PKIF     5   0
 RCHRES:PLANK            14674 TPKIF    5   0
 RCHRES:EXTNL            14679 PLADFX   3   0
 RCHRES:EXTNL            14682 PLADCN   3   0
 RCHRES:PLANK            14832 PKST3    7   0
 RCHRES:PLANK            14839 PHYTO    0   0
 RCHRES:PLANK            14840 ZOO      0   0
 RCHRES:PLANK            14841 BENAL    0   0
 RCHRES:PLANK            14842 PHYCLA   0   0
 RCHRES:PLANK            14843 BALCLA   0   0
 RCHRES:PLANK            14844 PKST4    2   0
 RCHRES:PLANK#ROFLOW     15312 PKCF1    5   0
 RCHRES:PLANK            15317 TPKCF1   5   0
 RCHRES:PLANK#OFLOW      15322 PKCF2   MX   5
 RCHRES:PLANK            15347 TPKCF2  MX   5
 RCHRES:PLANK            15372 PLADDR   3   0
 RCHRES:PLANK            15375 PLADWT   3   0
 RCHRES:PLANK            15378 PLADEP   3   0
 RCHRES:PLANK            15381 PKCF5    5   0
 RCHRES:PLANK            15386 PKCF6    3   0
 RCHRES:PLANK            15389 PKCF7    3   0
 RCHRES:PLANK            15392 PKCF8    5   0
 RCHRES:PLANK            15397 PKCF9    5   0
 RCHRES:PLANK            15402 PKCF10   5   0
 RCHRES:INFLOW           15417 PHIF     2   0
 RCHRES:PHCARB           15419 PHIF     2   0
 RCHRES:PHCARB           15431 PHST     3   0
 RCHRES:PHCARB           15435 SATCO2   0   0
 RCHRES:PHCARB#ROFLOW    15446 PHCF1    2   0
 RCHRES:PHCARB#OFLOW     15498 PHCF2   MX   2
 RCHRES:PHCARB           15543 PHCF3    7   0
 RCHRES:ACIDPH           15617 ACCONC   7   0
 RCHRES:ACIDPH           15659 ACSTOR   7   0
 RCHRES:INFLOW           15701 ACINFL   7   0
 RCHRES:ACIDPH           15708 ACINFL   7   0
 RCHRES:ACIDPH#ROFLOW    15750 ACFLX1   7   0
 RCHRES:ACIDPH#OFLOW     15932 ACFLX2  MX   7
 RCHRES:ACIDPH           16017 ACFLXC  10   0
 RCHRES:ACIDPH           16042 ACFLXG   3   0
 RCHRES:ACIDPH           16081 ACPH     0   0

