Pattern = "CNDM"
RSPRZ3.FOR(192):	        IF (JULDAY .EQ. CNDMO(LEAP,MNTHP1)) THEN
RSPRZ3.FOR(206):	        IF (JULDAY .EQ. CNDMO(LEAP,13)) THEN
RSPRZ3.FOR(513):	        IF (JULDAY .EQ. CNDMO(LEAP,MNTHP1)) NSUMM=2
RSPRZ3.FOR(514):	        IF (JULDAY .EQ. CNDMO(LEAP,13)) NSUMM=3
RSPRZ3.FOR(519):	        IF (JULDAY .EQ. CNDMO(LEAP,MNTHP1)) NSUMM=2
RSPRZ3.FOR(520):	        IF (JULDAY .EQ. CNDMO(LEAP,13)) NSUMM=3
RSPRZ3.FOR(526):	        IF (JULDAY .EQ. CNDMO(LEAP,13)) NSUMM=3
RSPRZ3.FOR(957):	        IF (JULDAY .EQ. CNDMO(LEAP,MNTHP1)) NSUMM=2
RSPRZ3.FOR(958):	        IF (JULDAY .EQ. CNDMO(LEAP,13)) NSUMM=3
RSPRZ3.FOR(963):	        IF (JULDAY .EQ. CNDMO(LEAP,MNTHP1)) NSUMM=2
RSPRZ3.FOR(964):	        IF (JULDAY .EQ. CNDMO(LEAP,13)) NSUMM=3
RSPRZ3.FOR(970):	        IF (JULDAY .EQ. CNDMO(LEAP,13)) NSUMM=3
RSINP2.FOR(512):	        IEMER(I)= EMD+ CNDMO(LEAP,EMM)
RSINP2.FOR(515):	        MAT(I) = MAD+ CNDMO(LEAP,MAM)
RSINP2.FOR(518):	        IHAR(I)= HAD+CNDMO(LEAP,HAM)
RSINP2.FOR(581):	        IAPDY(I) = APD+ CNDMO(LEAP,APM)
RSINP2.FOR(934):	        SAVAL = SADAY + CNDMO(I,SAMON)
RSINP2.FOR(1940):	      SJDAY= ISDAY+CNDMO(LEAP,ISMON)
RSINP2.FOR(2314):	      WRITE(LPRZRS) ((CNDMO(I,J),I=1,2), J=1,13)
RSINP2.FOR(2764):	      READ(LPRZRS) ((CNDMO(I,J),I=1,2), J=1,13)
RSINP2.FOR(3654):	          IF (IEMER(I) .GT. CNDMO(LEAP,J) .AND. IEMER(I) .LE.
RSINP2.FOR(3655):	     1      CNDMO(LEAP,J+1)) EMM=J
RSINP2.FOR(3657):	        EMD=IEMER(I)-CNDMO(LEAP,EMM)
RSINP2.FOR(3661):	          IF (MAT(I) .GT. CNDMO(LEAP,J) .AND. MAT(I) .LE.
RSINP2.FOR(3662):	     1      CNDMO(LEAP,J+1)) MAM=J
RSINP2.FOR(3664):	        MAD=MAT(I)-CNDMO(LEAP,MAM)
RSINP2.FOR(3668):	          IF (IHAR(I) .GT. CNDMO(LEAP,J) .AND. IHAR(I) .LE.
RSINP2.FOR(3669):	     1      CNDMO(LEAP,J+1)) HAM=J
RSINP2.FOR(3671):	        HAD=IHAR(I)-CNDMO(LEAP,HAM)
RSINP2.FOR(3687):	          IF (IAPDY(I) .GT. CNDMO(LEAP,J) .AND. IAPDY(I) .LE.
RSINP2.FOR(3688):	     1      CNDMO(LEAP,J+1)) APM=J
RSINP2.FOR(3690):	        APD=IAPDY(I)-CNDMO(LEAP,APM)
RSPRZ1.FOR(155):	          IF (IY .EQ. IEYR) LDAY=IEDAY+CNDMO(LEAP,IEMON)
RSPRZ1.FOR(157):	          IF (IY .EQ. ISTYR) FDAY=ISDAY+CNDMO(LEAP,ISMON)
RSPRZ1.FOR(180):	              IF (JULDAY.GT.CNDMO(LEAP,J) .AND.
RSPRZ1.FOR(181):	     1           JULDAY.LE.CNDMO(LEAP,JP1)) MONTH = J
RSPRZ1.FOR(183):	            DOM=JULDAY-CNDMO(LEAP,MONTH)
RSPRZ1.FOR(352):	     1              .EQ. MNTH .AND. JULDAY .EQ. CNDMO(LEAP,MNTHP1)) .OR.
RSPRZ1.FOR(353):	     2              (STEP3 .EQ. YEAR .AND. JULDAY .EQ. CNDMO(LEAP,13)))
RSPRZ1.FOR(731):	      SAVAL=SADAY+CNDMO(SALEAP,SAMON)
RSPRZ1.FOR(2228):	      NUMDYS = CNDMO(LEAP,MONTH+1) - CNDMO(LEAP,MONTH)
RSUTIL.FOR(362):	      INTEGER     LEAP,CNDMO(2,13)
RSUTIL.FOR(368):	      DATA  CNDMO/0,0,31,31,59,60,90,91,120,121,151,152,181,182,
RSUTIL.FOR(382):	      DYJDY = CNDMO(LEAP,MONTH)+ DAY
RSEXEC.FOR(72):	      INTEGER       CNDM1(2,12),IFIL,LEAP,
RSEXEC.FOR(91):	        DATA  CNDM1/31,31,28,29,31,31,30,30,31,31,30,30,
RSEXEC.FOR(154):	          NLDLT = CNDM1(LEAP,IMON0) - IDAY0 + 1
RSEXEC.FOR(294):	      INTEGER*4   CNDMO(2,13),JDAY0,JDAYN,LEAP,I
RSEXEC.FOR(303):	      DATA  CNDMO/0,0,31,31,59,60,90,91,120,121,151,152,181,182,
RSEXEC.FOR(322):	      JDAY0 = IDAY0 + CNDMO(LEAP,IMON0)
RSEXEC.FOR(326):	      IF (JDAYN .GT. CNDMO(LEAP,13)) THEN
RSEXEC.FOR(327):	        JDAYN = JDAYN - CNDMO(LEAP,13)
RSEXEC.FOR(340):	      IF (JDAYN .LE. CNDMO(LEAP,I)) THEN
RSEXEC.FOR(346):	      NUDAY = JDAYN - CNDMO(LEAP,NUMON)
