Pattern = "spt"
RSPRZ3.FOR(83):	          WRITE(FLCN,2011) MODID,HORIZN(I),I,TOTAL,ADS,DISS,CGAS,SPT(I)
RSPRZ3.FOR(1258):	        IF (PLNAME(I) .EQ. STMP) PNBRN(I)=SPT(IARG1)
RSINP2.FOR(374):	          SPT(L)     = 0.0
RSINP2.FOR(797):	     1        SPT(I),SAND(I),CLAY(I),THCOND(I),VHTCAP(I)
RSINP2.FOR(2094):	          SPT(JB)   = SPT(IB)
RSINP2.FOR(2162):	          SPT(JB)   = SPT(IB)   * (1.0-MODFC)+ SPT(IBM1)   * MODFC
RSINP2.FOR(2496):	      WRITE(LPRZRS) (SPT(I),       I=1,NCOM2)
RSINP2.FOR(2946):	      READ(LPRZRS) (SPT(I),       I=1,NCOM2)
RSINP2.FOR(3994):	          WRITE (LECHO,2194) LMODID,I,DPN(I),SPT(I)
RSINP2.FOR(3996):	          WRITE (LECHO,2202) LMODID,I,DPN(I),SPT(I),THCOND(I),
RSINP2.FOR(3999):	          WRITE (LECHO,2196) LMODID,I,DPN(I),SPT(I),
RSPRZ1.FOR(133):	          CALL KHCORR(SPT,HENRYK(K),ENPY(K),NCOM2,OLDKH)
RSPRZ1.FOR(262):	                CALL KHCORR (SPT,HENRYK(K),ENPY(K),NCOM2,OLDKH)
RSPRZ1.FOR(2502):	      BBB = (SPT(1) + 273.18)/DELX(1)
RSPRZ1.FOR(2506):	        BBB = BBB + (SPT(N) - SPT(N-1))/DELX(N)
RSPRZ1.FOR(2538):	      TF(1)=SPT(1)+DIFFCO(1)/(DELX(1)**2)*UBT
RSPRZ1.FOR(2548):	          TF(I) = SPT(I)
RSPRZ1.FOR(2557):	         TF(NCOM2) =SPT(NCOM2)+DIFFCO(NCOM2)/(DELX(NCOM2)**2)*
RSPRZ1.FOR(2560):	          CALL TRDIA1(TA,TB,TC,SPT,TF,NCOM2,LPRZOT,MODID)
