 TSRTIME SERIES OUTPUT FILES
 TSR  NITROGEN SIMULATION, TEMPERATURE CORRECTION, PRZM INPUT FOR LA PLATA, CO
 TSR                          RFLX1         RUNF          STMP-5        STMP-14       STMP-19       STMP-25       STMP-33
 TSR PRZ  1957  1  1          0.0000E+00    0.0000E+00     2.893         6.440         7.152         7.483         8.143
 TSR PRZ  1957  1  2          0.0000E+00    0.0000E+00     2.217         5.766         6.792         7.212         8.189
 TSR PRZ  1957  1  3          0.0000E+00    0.0000E+00    0.7134         5.007         6.324         6.862         8.202
 TSR PRZ  1957  1  4          0.0000E+00    0.0000E+00    0.0000E+00     4.251         5.809         6.462         8.201
 TSR PRZ  1957  1  5          0.0000E+00    0.0000E+00    0.0000E+00     3.359         5.216         6.000         8.190
 TSR PRZ  1957  1  6          0.0000E+00    0.0000E+00    0.0000E+00     2.974         4.776         5.587         8.172
 TSR PRZ  1957  1  7          0.0000E+00    0.0000E+00    0.7997E-01     2.897         4.505         5.272         8.148
 TSR PRZ  1957  1  8          0.0000E+00    0.0000E+00    0.3085         2.879         4.325         5.038         8.120
 TSR PRZ  1957  1  9          0.0000E+00    0.0000E+00    0.0000E+00     2.539         4.066         4.796         8.090
 TSR PRZ  1957  1 10          0.0000E+00    0.0000E+00    0.0000E+00     1.861         3.658         4.479         8.059
 TSR PRZ  1957  1 11          0.0000E+00    0.0000E+00    0.6082         2.131         3.555         4.285         8.027
 TSR PRZ  1957  1 12          0.0000E+00    0.0000E+00     2.433         2.676         3.669         4.245         7.996
 TSR PRZ  1957  1 13          0.0000E+00    0.0000E+00     2.782         3.117         3.841         4.295         7.967
 TSR PRZ  1957  1 14          0.0000E+00    0.0000E+00     1.329         3.120         3.888         4.321         7.942
 TSR PRZ  1957  1 15          0.0000E+00    0.0000E+00    0.0000E+00     2.332         3.598         4.177         7.920
 TSR PRZ  1957  1 16          0.0000E+00    0.0000E+00    0.0000E+00     1.276         3.074         3.856         7.899
 TSR PRZ  1957  1 17          0.0000E+00    0.0000E+00    0.0000E+00    0.9826         2.734         3.556         7.879
 TSR PRZ  1957  1 18          0.0000E+00    0.0000E+00    0.0000E+00    0.9289         2.536         3.330         7.859
 TSR PRZ  1957  1 19          0.0000E+00    0.0000E+00    0.0000E+00     1.125         2.487         3.203         7.837
 TSR PRZ  1957  1 20          0.0000E+00    0.0000E+00    0.3279         1.466         2.558         3.173         7.816
 TSR PRZ  1957  1 21          0.0000E+00    0.0000E+00    0.8137         1.768         2.673         3.204         7.796
 TSR PRZ  1957  1 22          0.0000E+00    0.0000E+00    0.0000E+00     1.268         2.510         3.124         7.778
 TSR PRZ  1957  1 23          0.0000E+00    0.0000E+00    0.0000E+00    0.8307         2.274         2.968         7.761
 TSR PRZ  1957  1 24          0.0000E+00    0.0000E+00    0.0000E+00    0.3950         1.999         2.766         7.745
 TSR PRZ  1957  1 25          0.0000E+00    0.0000E+00    0.0000E+00    0.0000E+00     1.702         2.533         7.729
 TSR PRZ  1957  1 26          0.0000E+00    0.0000E+00    0.0000E+00    0.0000E+00     1.555         2.360         7.713
 TSR PRZ  1957  1 27          0.0000E+00    0.0000E+00    0.0000E+00    0.6202E-01     1.498         2.253         7.696
 TSR PRZ  1957  1 28          0.0000E+00    0.0000E+00    0.0000E+00    0.4350         1.587         2.243         7.679
 TSR PRZ  1957  1 29          0.0000E+00    0.0000E+00    0.0000E+00    0.1991         1.509         2.189         7.662
 TSR PRZ  1957  1 30          0.0000E+00    0.0000E+00    0.0000E+00    0.3631         1.530         2.169         7.648
 TSR PRZ  1957  1 31          0.0000E+00    0.0000E+00     1.284         1.061         1.792         2.284         7.635
 TSR PRZ  1957  2  1          0.0000E+00    0.0000E+00    0.7437         1.395         2.014         2.432         7.625
 TSR PRZ  1957  2  2          0.0000E+00    0.0000E+00     1.250         1.668         2.214         2.585         7.618
 TSR PRZ  1957  2  3          0.0000E+00    0.0000E+00     1.869         1.976         2.426         2.749         7.615
 TSR PRZ  1957  2  4          0.0000E+00    0.0000E+00    0.3581         1.928         2.510         2.858         7.615
 TSR PRZ  1957  2  5          0.0000E+00    0.0000E+00    0.1268         1.812         2.521         2.910         7.618
 TSR PRZ  1957  2  6          0.0000E+00    0.0000E+00     1.188         1.932         2.589         2.971         7.623
 TSR PRZ  1957  2  7          0.0000E+00    0.0000E+00     1.177         2.058         2.675         3.042         7.629
 TSR PRZ  1957  2  8          0.0000E+00    0.0000E+00     3.119         2.502         2.890         3.181         7.635
 TSR PRZ  1957  2  9          0.0000E+00    0.0000E+00     4.552         3.125         3.226         3.405         7.643
 TSR PRZ  1957  2 10          0.0000E+00    0.0000E+00     4.173         3.518         3.528         3.647         7.653
 TSR PRZ  1957  2 11          0.0000E+00    0.0000E+00     5.502         4.010         3.867         3.916         7.666
 TSR PRZ  1957  2 12          0.0000E+00    0.0000E+00     6.698         4.608         4.265         4.227         7.681
 TSR PRZ  1957  2 13          0.0000E+00    0.0000E+00     6.656         5.049         4.631         4.542         7.699
 TSR PRZ  1957  2 14          0.0000E+00    0.0000E+00     8.637         5.717         5.079         4.900         7.720
 TSR PRZ  1957  2 15          0.0000E+00    0.0000E+00     7.531         6.041         5.429         5.229         7.744
 TSR PRZ  1957  2 16          0.0000E+00    0.0000E+00     5.662         5.899         5.569         5.445         7.770
 TSR PRZ  1957  2 17          0.0000E+00    0.0000E+00     5.850         5.804         5.643         5.586         7.798
 TSR PRZ  1957  2 18          0.0000E+00    0.0000E+00     4.888         5.605         5.639         5.659         7.825
 TSR PRZ  1957  2 19          0.0000E+00    0.0000E+00     4.209         5.347         5.572         5.671         7.851
 TSR PRZ  1957  2 20          0.0000E+00    0.0000E+00     6.023         5.508         5.630         5.719         7.875
 TSR PRZ  1957  2 21          0.0000E+00    0.0000E+00     5.629         5.619         5.709         5.788         7.896
 TSR PRZ  1957  2 22          0.0000E+00    0.0000E+00     2.560         5.128         5.566         5.753         7.914
 TSR PRZ  1957  2 23          0.0000E+00    0.0000E+00     2.725         4.738         5.376         5.654         7.929
 TSR PRZ  1957  2 24          0.0000E+00    0.0000E+00     7.425         5.358         5.543         5.704         7.941
 TSR PRZ  1957  2 25          0.0000E+00    0.0000E+00     8.324         6.097         5.884         5.894         7.952
 TSR PRZ  1957  2 26          0.0000E+00    0.0000E+00     8.297         6.603         6.219         6.135         7.962
 TSR PRZ  1957  2 27          0.0000E+00    0.0000E+00     8.501         6.964         6.513         6.379         7.973
 TSR PRZ  1957  2 28          0.0000E+00    0.0000E+00     6.890         6.920         6.645         6.547         7.986
 TSR PRZ  1957  3  1          0.0000E+00    0.0000E+00     6.785         6.832         6.700         6.651         8.001
 TSR PRZ  1957  3  2          0.0000E+00    0.0000E+00     5.738         6.600         6.663         6.685         8.015
 TSR PRZ  1957  3  3          0.0000E+00    0.0000E+00     5.647         6.415         6.600         6.678         8.030
 TSR PRZ  1957  3  4          0.0000E+00    0.0000E+00     4.977         6.184         6.499         6.634         8.043
 TSR PRZ  1957  3  5          0.0000E+00    0.0000E+00     3.519         5.754         6.302         6.526         8.054
 TSR PRZ  1957  3  6          0.0000E+00    0.0000E+00     2.435         5.231         6.024         6.351         8.062
 TSR PRZ  1957  3  7          0.0000E+00    0.0000E+00     1.196         4.629         5.675         6.113         8.066
 TSR PRZ  1957  3  8          0.0000E+00    0.0000E+00     2.590         4.448         5.449         5.907         8.066
 TSR PRZ  1957  3  9          0.0000E+00    0.0000E+00     4.510         4.723         5.435         5.814         8.062
 TSR PRZ  1957  3 10          0.0000E+00    0.0000E+00     8.685         5.719         5.782         5.941         8.057
 TSR PRZ  1957  3 11          0.0000E+00    0.0000E+00     8.838         6.522         6.207         6.191         8.052
 TSR PRZ  1957  3 12          0.0000E+00    0.0000E+00     10.08         7.263         6.664         6.510         8.049
 TSR PRZ  1957  3 13          0.0000E+00    0.0000E+00     8.693         7.527         6.972         6.786         8.051
 TSR PRZ  1957  3 14          0.0000E+00    0.0000E+00     5.541         7.083         6.962         6.896         8.056
 TSR PRZ  1957  3 15          0.0000E+00    0.0000E+00     5.941         6.776         6.881         6.910         8.064
 TSR PRZ  1957  3 16          0.0000E+00    0.0000E+00     8.100         7.008         6.961         6.966         8.074
 TSR PRZ  1957  3 17          0.0000E+00    0.0000E+00     10.02         7.606         7.232         7.129         8.085
 TSR PRZ  1957  3 18          0.0000E+00    0.0000E+00     9.147         7.910         7.467         7.314         8.096
 TSR PRZ  1957  3 19          0.0000E+00    0.0000E+00     9.327         8.114         7.662         7.489         8.108
 TSR PRZ  1957  3 20          0.0000E+00    0.0000E+00     9.588         8.309         7.841         7.655         8.122
 TSR PRZ  1957  3 21          0.0000E+00    0.0000E+00     10.01         8.538         8.027         7.821         8.136
 TSR PRZ  1957  3 22          0.0000E+00    0.0000E+00     8.282         8.400         8.076         7.921         8.152
 TSR PRZ  1957  3 23          0.0000E+00    0.0000E+00     5.912         7.833         7.907         7.887         8.167
 TSR PRZ  1957  3 24          0.0000E+00    0.0000E+00     5.662         7.351         7.677         7.771         8.180
 TSR PRZ  1957  3 25          0.0000E+00    0.0000E+00     5.890         7.086         7.491         7.641         8.192
 TSR PRZ  1957  3 26          0.0000E+00    0.0000E+00     6.990         7.132         7.427         7.563         8.200
 TSR PRZ  1957  3 27          0.0000E+00    0.0000E+00     8.402         7.458         7.514         7.576         8.205
 TSR PRZ  1957  3 28          0.0000E+00    0.0000E+00     9.869         7.981         7.739         7.690         8.209
 TSR PRZ  1957  3 29          0.0000E+00    0.0000E+00     11.63         8.687         8.098         7.910         8.212
 TSR PRZ  1957  3 30          0.0000E+00    0.0000E+00     10.43         8.985         8.365         8.128         8.217
 TSR PRZ  1957  3 31          0.0000E+00    0.0000E+00     11.33         9.303         8.618         8.343         8.225
 TSR PRZ  1957  4  1          0.0000E+00    0.0000E+00     9.876         9.285         8.742         8.495         8.234
 TSR PRZ  1957  4  2          0.0000E+00    0.0000E+00     4.895         8.327         8.456         8.423         8.245
 TSR PRZ  1957  4  3          0.0000E+00    0.0000E+00    0.8053         6.797         7.785         8.075         8.255
 TSR PRZ  1957  4  4          0.0000E+00    0.0000E+00    0.0000E+00     5.522         7.035         7.578         8.260
 TSR PRZ  1957  4  5          0.0000E+00    0.0000E+00    0.4992         4.776         6.419         7.081         8.260
 TSR PRZ  1957  4  6          0.0000E+00    0.1107         5.849         5.286         6.313         6.826         8.252
 TSR PRZ  1957  4  7          0.0000E+00    0.0000E+00    0.4759         4.799         6.017         6.563         8.239
 TSR PRZ  1957  4  8          0.0000E+00    0.0000E+00    0.0000E+00     3.692         5.430         6.154         8.220
 TSR PRZ  1957  4  9          0.0000E+00    0.0000E+00     4.455         4.141         5.326         5.927         8.198
 TSR PRZ  1957  4 10          0.0000E+00    0.0000E+00     7.849         5.259         5.652         5.980         8.174
 TSR PRZ  1957  4 11          0.0000E+00    0.0000E+00     6.491         5.829         5.953         6.128         8.150
 TSR PRZ  1957  4 12          0.0000E+00    0.0000E+00     4.789         5.805         6.051         6.219         8.130
 TSR PRZ  1957  4 13          0.0000E+00    0.0000E+00     6.747         6.071         6.197         6.320         8.114
 TSR PRZ  1957  4 14          0.0000E+00    0.0000E+00     8.464         6.629         6.474         6.492         8.103
 TSR PRZ  1957  4 15          0.0000E+00    0.0000E+00     12.03         7.714         7.007         6.821         8.096
 TSR PRZ  1957  4 16          0.0000E+00    0.0000E+00     13.70         8.856         7.674         7.279         8.095
 TSR PRZ  1957  4 17          0.0000E+00    0.0000E+00     14.54         9.817         8.343         7.793         8.102
 TSR PRZ  1957  4 18          0.0000E+00    0.0000E+00     17.14         10.96         9.105         8.382         8.116
 TSR PRZ  1957  4 19          0.0000E+00    0.0000E+00     16.58         11.72         9.767         8.956         8.138
 TSR PRZ  1957  4 20          0.0000E+00    0.0000E+00     16.06         12.13         10.27         9.452         8.168
 TSR PRZ  1957  4 21          0.0000E+00    0.0000E+00     18.10         12.80         10.81         9.941         8.203
 TSR PRZ  1957  4 22          0.0000E+00    0.0000E+00     17.05         13.15         11.25         10.38         8.243
 TSR PRZ  1957  4 23          0.0000E+00    0.0000E+00     15.91         13.18         11.51         10.71         8.286
 TSR PRZ  1957  4 24          0.0000E+00    0.0000E+00     16.48         13.31         11.74         10.98         8.331
 TSR PRZ  1957  4 25          0.0000E+00    0.0000E+00     16.11         13.39         11.93         11.21         8.375
 TSR PRZ  1957  4 26          0.0000E+00    0.0000E+00     14.18         13.12         11.96         11.34         8.418
 TSR PRZ  1957  4 27          0.0000E+00    0.0000E+00     12.53         12.60         11.82         11.35         8.458
 TSR PRZ  1957  4 28          0.0000E+00    0.0000E+00     12.09         12.15         11.63         11.28         8.493
 TSR PRZ  1957  4 29          0.0000E+00    0.0000E+00     13.82         12.19         11.59         11.25         8.523
 TSR PRZ  1957  4 30          0.0000E+00    0.0000E+00     15.43         12.60         11.73         11.32         8.548
 TSR PRZ  1957  5  1          0.0000E+00    0.0000E+00     17.54         13.31         12.07         11.52         8.570
 TSR PRZ  1957  5  2          0.0000E+00    0.0000E+00     18.72         14.06         12.50         11.82         8.589
 TSR PRZ  1957  5  3          0.0000E+00    0.0000E+00     18.81         14.61         12.91         12.14         8.609
 TSR PRZ  1957  5  4          0.0000E+00    0.0000E+00     18.19         14.87         13.22         12.43         8.630
 TSR PRZ  1957  5  5          0.0000E+00    0.0000E+00     18.32         15.05         13.46         12.68         8.653
 TSR PRZ  1957  5  6          0.0000E+00    0.0000E+00     19.66         15.45         13.75         12.94         8.677
 TSR PRZ  1957  5  7          0.0000E+00    0.0000E+00     20.46         15.93         14.09         13.22         8.703
 TSR PRZ  1957  5  8          0.0000E+00    0.0000E+00     20.77         16.35         14.43         13.52         8.730
 TSR PRZ  1957  5  9          0.0000E+00    0.0000E+00     19.03         16.33         14.61         13.74         8.758
 TSR PRZ  1957  5 10          0.0000E+00    0.0000E+00     17.49         16.01         14.60         13.84         8.786
 TSR PRZ  1957  5 11          0.0000E+00    0.0000E+00     18.26         15.91         14.61         13.90         8.813
 TSR PRZ  1957  5 12          0.0000E+00    0.0000E+00     18.11         15.88         14.62         13.95         8.838
 TSR PRZ  1957  5 13          0.0000E+00    0.0000E+00     17.93         15.84         14.64         13.99         8.861
 TSR PRZ  1957  5 14          0.0000E+00    0.0000E+00     18.26         15.88         14.67         14.03         8.881
 TSR PRZ  1957  5 15          0.0000E+00    0.4045         15.61         15.44         14.53         13.99         8.899
 TSR PRZ  1957  5 16          0.0000E+00    0.0000E+00     15.01         14.96         14.30         13.87         8.913
 TSR PRZ  1957  5 17          0.0000E+00    0.0000E+00     15.27         14.68         14.11         13.73         8.924
 TSR PRZ  1957  5 18          0.0000E+00    0.0000E+00     17.57         14.94         14.12         13.68         8.931
 TSR PRZ  1957  5 19          0.0000E+00    0.0000E+00     19.73         15.58         14.36         13.78         8.936
 TSR PRZ  1957  5 20          0.0000E+00    0.0000E+00     19.45         16.02         14.61         13.94         8.940
 TSR PRZ  1957  5 21          0.0000E+00    0.0000E+00     19.50         16.29         14.83         14.11         8.944
 TSR PRZ  1957  5 22          0.0000E+00    0.0000E+00     17.07         16.03         14.83         14.18         8.949
 TSR PRZ  1957  5 23          0.0000E+00    0.0000E+00     16.83         15.73         14.74         14.17         8.956
 TSR PRZ  1957  5 24          0.0000E+00    0.0000E+00     19.34         16.01         14.82         14.21         8.962
 TSR PRZ  1957  5 25          0.0000E+00    0.0000E+00     20.09         16.43         15.02         14.33         8.969
 TSR PRZ  1957  5 26          0.0000E+00    0.0000E+00     20.64         16.84         15.27         14.50         8.976
 TSR PRZ  1957  5 27          0.0000E+00    0.0000E+00     21.32         17.25         15.53         14.71         8.984
 TSR PRZ  1957  5 28          0.0000E+00    0.0000E+00     22.20         17.70         15.84         14.94         8.995
 TSR PRZ  1957  5 29          0.0000E+00    0.0000E+00     23.42         18.26         16.20         15.22         9.007
 TSR PRZ  1957  5 30          0.0000E+00    0.0000E+00     23.03         18.61         16.51         15.49         9.023
 TSR PRZ  1957  5 31          0.0000E+00    0.0000E+00     20.87         18.44         16.61         15.66         9.040
 TSR PRZ  1957  6  1          0.0000E+00    0.0000E+00     19.89         18.09         16.56         15.72         9.059
 TSR PRZ  1957  6  2          0.0000E+00    0.0000E+00     20.05         17.89         16.50         15.72         9.077
 TSR PRZ  1957  6  3          0.0000E+00    0.0000E+00     21.33         18.02         16.54         15.76         9.095
 TSR PRZ  1957  6  4          0.0000E+00    0.0000E+00     22.85         18.45         16.74         15.87         9.111
 TSR PRZ  1957  6  5          0.0000E+00    0.0000E+00     24.78         19.15         17.09         16.10         9.126
 TSR PRZ  1957  6  6          0.0000E+00    0.0000E+00     26.34         19.95         17.56         16.43         9.142
 TSR PRZ  1957  6  7          0.0000E+00    0.0000E+00     26.71         20.61         18.02         16.79         9.160
 TSR PRZ  1957  6  8          0.0000E+00    0.0000E+00     26.48         21.01         18.41         17.14         9.180
 TSR PRZ  1957  6  9          0.0000E+00    0.0000E+00     26.55         21.30         18.72         17.45         9.203
 TSR PRZ  1957  6 10          0.0000E+00    0.0000E+00     26.36         21.47         18.97         17.71         9.229
 TSR PRZ  1957  6 11          0.0000E+00    0.0000E+00     24.91         21.35         19.07         17.88         9.256
 TSR PRZ  1957  6 12          0.0000E+00    0.0000E+00     24.56         21.18         19.09         17.97         9.283
 TSR PRZ  1957  6 13          0.0000E+00    0.0000E+00     25.69         21.29         19.19         18.07         9.310
 TSR PRZ  1957  6 14          0.0000E+00    0.0000E+00     24.38         21.19         19.21         18.14         9.335
 TSR PRZ  1957  6 15          0.0000E+00    0.0000E+00     25.23         21.26         19.27         18.21         9.357
 TSR PRZ  1957  6 16          0.0000E+00    0.0000E+00     25.55         21.40         19.36         18.29         9.378
 TSR PRZ  1957  6 17          0.0000E+00    0.0000E+00     23.92         21.21         19.35         18.32         9.397
 TSR PRZ  1957  6 18          0.0000E+00    0.0000E+00     23.97         21.06         19.30         18.32         9.413
 TSR PRZ  1957  6 19          0.0000E+00    0.0000E+00     25.33         21.22         19.35         18.36         9.427
 TSR PRZ  1957  6 20          0.0000E+00    0.0000E+00     27.13         21.70         19.57         18.48         9.440
 TSR PRZ  1957  6 21          0.0000E+00    0.0000E+00     26.14         21.91         19.74         18.62         9.452
 TSR PRZ  1957  6 22          0.0000E+00    0.0000E+00     24.83         21.77         19.77         18.69         9.463
 TSR PRZ  1957  6 23          0.0000E+00    0.0000E+00     24.70         21.61         19.74         18.72         9.474
 TSR PRZ  1957  6 24          0.0000E+00    0.0000E+00     25.62         21.69         19.77         18.75         9.485
 TSR PRZ  1957  6 25          0.0000E+00    0.0000E+00     27.45         22.11         19.96         18.86         9.495
 TSR PRZ  1957  6 26          0.0000E+00    0.0000E+00     27.70         22.50         20.19         19.02         9.504
 TSR PRZ  1957  6 27          0.0000E+00    0.0000E+00     28.25         22.87         20.44         19.21         9.515
 TSR PRZ  1957  6 28          0.0000E+00    0.0000E+00     29.94         23.44         20.78         19.46         9.526
 TSR PRZ  1957  6 29          0.0000E+00    0.0000E+00     31.03         24.08         21.18         19.76         9.540
 TSR PRZ  1957  6 30          0.0000E+00    0.0000E+00     31.09         24.56         21.56         20.08         9.557
 TSR PRZ  1957  7  1          0.0000E+00    0.0000E+00     31.05         24.88         21.88         20.37         9.576
 TSR PRZ  1957  7  2          0.0000E+00    0.0000E+00     31.43         25.18         22.17         20.65         9.598
 TSR PRZ  1957  7  3          0.0000E+00    0.0000E+00     32.26         25.57         22.48         20.92         9.622
 TSR PRZ  1957  7  4          0.0000E+00    0.0000E+00     30.69         25.59         22.66         21.14         9.647
 TSR PRZ  1957  7  5          0.0000E+00    0.0000E+00     30.69         25.58         22.77         21.29         9.674
 TSR PRZ  1957  7  6          0.0000E+00    0.0000E+00     31.55         25.75         22.92         21.45         9.700
 TSR PRZ  1957  7  7          0.0000E+00    0.0000E+00     32.21         26.04         23.12         21.62         9.726
 TSR PRZ  1957  7  8          0.0000E+00    0.0000E+00     30.44         25.94         23.20         21.74         9.751
 TSR PRZ  1957  7  9          0.0000E+00    0.0000E+00     30.05         25.77         23.20         21.80         9.774
 TSR PRZ  1957  7 10          0.0000E+00    0.0000E+00     30.45         25.73         23.21         21.84         9.796
 TSR PRZ  1957  7 11          0.0000E+00    0.0000E+00     30.56         25.76         23.24         21.89         9.816
 TSR PRZ  1957  7 12          0.0000E+00    0.0000E+00     30.41         25.77         23.27         21.93         9.833
 TSR PRZ  1957  7 13          0.0000E+00    0.0000E+00     30.67         25.82         23.32         21.97         9.849
 TSR PRZ  1957  7 14          0.0000E+00    0.0000E+00     30.58         25.86         23.36         22.02         9.862
 TSR PRZ  1957  7 15          0.0000E+00    0.0000E+00     30.65         25.90         23.40         22.07         9.874
 TSR PRZ  1957  7 16          0.0000E+00    0.0000E+00     31.17         26.03         23.48         22.13         9.885
 TSR PRZ  1957  7 17          0.0000E+00    0.0000E+00     31.09         26.13         23.56         22.19         9.895
 TSR PRZ  1957  7 18          0.0000E+00    0.0000E+00     30.76         26.13         23.60         22.25         9.904
 TSR PRZ  1957  7 19          0.0000E+00    0.0000E+00     30.36         26.06         23.60         22.27         9.913
 TSR PRZ  1957  7 20          0.0000E+00    0.0000E+00     30.38         26.01         23.59         22.28         9.921
 TSR PRZ  1957  7 21          0.0000E+00    0.0000E+00     29.91         25.90         23.56         22.27         9.928
 TSR PRZ  1957  7 22          0.0000E+00    0.0000E+00     29.66         25.77         23.50         22.24         9.934
 TSR PRZ  1957  7 23          0.0000E+00    0.0000E+00     29.68         25.68         23.44         22.21         9.939
 TSR PRZ  1957  7 24          0.0000E+00    0.0000E+00     29.69         25.63         23.40         22.17         9.942
 TSR PRZ  1957  7 25          0.0000E+00    0.0000E+00     29.25         25.52         23.34         22.13         9.944
 TSR PRZ  1957  7 26          0.0000E+00    0.0000E+00     29.64         25.50         23.30         22.09         9.945
 TSR PRZ  1957  7 27          0.0000E+00    0.0000E+00     30.18         25.60         23.32         22.09         9.946
 TSR PRZ  1957  7 28          0.0000E+00    0.0000E+00     30.71         25.77         23.39         22.12         9.945
 TSR PRZ  1957  7 29          0.0000E+00    0.0000E+00     31.35         26.02         23.51         22.19         9.945
 TSR PRZ  1957  7 30          0.0000E+00    0.0000E+00     31.12         26.16         23.61         22.27         9.945
 TSR PRZ  1957  7 31          0.0000E+00    0.0000E+00     30.53         26.13         23.65         22.31         9.947
 TSR PRZ  1957  8  1          0.0000E+00    0.0000E+00     31.09         26.20         23.70         22.36         9.949
 TSR PRZ  1957  8  2          0.0000E+00    0.3485E-03     31.64         26.37         23.79         22.43         9.952
 TSR PRZ  1957  8  3          0.0000E+00    0.0000E+00     31.17         26.42         23.85         22.49         9.955
 TSR PRZ  1957  8  4          0.0000E+00    0.0000E+00     29.88         26.20         23.81         22.49         9.959
 TSR PRZ  1957  8  5          0.0000E+00    0.0000E+00     29.85         26.02         23.73         22.46         9.963
 TSR PRZ  1957  8  6          0.0000E+00    0.0000E+00     30.47         26.02         23.70         22.43         9.967
 TSR PRZ  1957  8  7          0.0000E+00    0.0000E+00     30.81         26.11         23.72         22.44         9.970
 TSR PRZ  1957  8  8          0.0000E+00    0.0000E+00     31.46         26.31         23.80         22.48         9.972
 TSR PRZ  1957  8  9          0.0000E+00    0.0000E+00     29.96         26.18         23.79         22.49         9.974
 TSR PRZ  1957  8 10          0.0000E+00    0.0000E+00     29.71         25.99         23.71         22.45         9.976
 TSR PRZ  1957  8 11          0.0000E+00    0.0000E+00     29.75         25.87         23.64         22.41         9.977
 TSR PRZ  1957  8 12          0.0000E+00    0.0000E+00     29.65         25.78         23.58         22.36         9.978
 TSR PRZ  1957  8 13          0.0000E+00    0.0000E+00     29.15         25.62         23.49         22.29         9.978
 TSR PRZ  1957  8 14          0.0000E+00    0.0000E+00     29.08         25.49         23.39         22.22         9.977
 TSR PRZ  1957  8 15          0.0000E+00    0.0000E+00     29.37         25.45         23.33         22.16         9.974
 TSR PRZ  1957  8 16          0.0000E+00    0.0000E+00     28.92         25.35         23.26         22.10         9.971
 TSR PRZ  1957  8 17          0.0000E+00    0.0000E+00     28.79         25.24         23.18         22.03         9.967
 TSR PRZ  1957  8 18          0.0000E+00    0.0000E+00     27.75         24.96         23.03         21.93         9.962
 TSR PRZ  1957  8 19          0.0000E+00    0.0000E+00     28.44         24.87         22.93         21.83         9.957
 TSR PRZ  1957  8 20          0.0000E+00    0.0000E+00     28.92         24.92         22.89         21.77         9.950
 TSR PRZ  1957  8 21          0.0000E+00    0.0000E+00     29.08         24.98         22.88         21.74         9.943
 TSR PRZ  1957  8 22          0.0000E+00    0.0000E+00     29.28         25.06         22.90         21.73         9.937
 TSR PRZ  1957  8 23          0.0000E+00    0.0000E+00     28.15         24.90         22.84         21.69         9.930
 TSR PRZ  1957  8 24          0.0000E+00    0.0000E+00     27.98         24.72         22.74         21.63         9.924
 TSR PRZ  1957  8 25          0.0000E+00    0.0000E+00     28.44         24.68         22.68         21.57         9.918
 TSR PRZ  1957  8 26          0.0000E+00    0.0000E+00     28.88         24.75         22.67         21.54         9.911
 TSR PRZ  1957  8 27          0.0000E+00    0.0000E+00     28.98         24.82         22.68         21.53         9.906
 TSR PRZ  1957  8 28          0.0000E+00    0.0000E+00     27.25         24.54         22.57         21.47         9.900
 TSR PRZ  1957  8 29          0.0000E+00    0.0000E+00     26.81         24.22         22.40         21.36         9.894
 TSR PRZ  1957  8 30          0.0000E+00    0.0000E+00     26.65         23.96         22.23         21.22         9.888
 TSR PRZ  1957  8 31          0.0000E+00    0.0000E+00     26.88         23.83         22.09         21.10         9.881
 TSR PRZ  1957  9  1          0.0000E+00    0.0000E+00     26.55         23.68         21.96         20.98         9.873
 TSR PRZ  1957  9  2          0.0000E+00    0.0000E+00     25.64         23.40         21.79         20.84         9.864
 TSR PRZ  1957  9  3          0.0000E+00    0.0000E+00     26.45         23.32         21.67         20.72         9.854
 TSR PRZ  1957  9  4          0.0000E+00    0.0000E+00     26.69         23.33         21.60         20.64         9.843
 TSR PRZ  1957  9  5          0.0000E+00    0.0000E+00     26.55         23.31         21.55         20.57         9.832
 TSR PRZ  1957  9  6          0.0000E+00    0.0000E+00     24.67         22.93         21.36         20.44         9.820
 TSR PRZ  1957  9  7          0.0000E+00    0.0000E+00     24.00         22.49         21.11         20.26         9.808
 TSR PRZ  1957  9  8          0.0000E+00    0.0000E+00     24.49         22.26         20.90         20.08         9.796
 TSR PRZ  1957  9  9          0.0000E+00    0.0000E+00     22.81         21.82         20.62         19.87         9.782
 TSR PRZ  1957  9 10          0.0000E+00    0.0000E+00     22.59         21.41         20.33         19.63         9.767
 TSR PRZ  1957  9 11          0.0000E+00    0.0000E+00     21.60         20.95         20.00         19.36         9.750
 TSR PRZ  1957  9 12          0.0000E+00    0.0000E+00     21.58         20.59         19.70         19.10         9.731
 TSR PRZ  1957  9 13          0.0000E+00    0.0000E+00     21.72         20.36         19.45         18.86         9.710
 TSR PRZ  1957  9 14          0.0000E+00    0.0000E+00     20.29         19.94         19.14         18.60         9.688
 TSR PRZ  1957  9 15          0.0000E+00    0.0000E+00     20.19         19.57         18.84         18.33         9.664
 TSR PRZ  1957  9 16          0.0000E+00    0.0000E+00     21.56         19.55         18.67         18.13         9.639
 TSR PRZ  1957  9 17          0.0000E+00    0.0000E+00     22.71         19.78         18.64         18.02         9.614
 TSR PRZ  1957  9 18          0.0000E+00    0.0000E+00     23.33         20.05         18.70         17.99         9.589
 TSR PRZ  1957  9 19          0.0000E+00    0.0000E+00     21.01         19.80         18.60         17.91         9.566
 TSR PRZ  1957  9 20          0.0000E+00    0.0000E+00     19.99         19.35         18.37         17.75         9.545
 TSR PRZ  1957  9 21          0.0000E+00    0.0000E+00     19.15         18.86         18.08         17.54         9.525
 TSR PRZ  1957  9 22          0.0000E+00    0.0000E+00     18.41         18.37         17.74         17.28         9.505
 TSR PRZ  1957  9 23          0.0000E+00    0.0000E+00     18.63         18.05         17.46         17.03         9.484
 TSR PRZ  1957  9 24          0.0000E+00    0.0000E+00     19.70         18.03         17.30         16.84         9.463
 TSR PRZ  1957  9 25          0.0000E+00    0.0000E+00     20.56         18.20         17.26         16.73         9.441
 TSR PRZ  1957  9 26          0.0000E+00    0.0000E+00     20.65         18.32         17.25         16.67         9.420
 TSR PRZ  1957  9 27          0.0000E+00    0.0000E+00     20.34         18.33         17.23         16.62         9.400
 TSR PRZ  1957  9 28          0.0000E+00    0.0000E+00     20.74         18.38         17.22         16.59         9.381
 TSR PRZ  1957  9 29          0.0000E+00    0.0000E+00     21.86         18.62         17.29         16.60         9.365
 TSR PRZ  1957  9 30          0.0000E+00    0.0000E+00     22.76         18.97         17.44         16.67         9.351
 TSR PRZ  1957 10  1          0.0000E+00    0.0000E+00     22.64         19.20         17.58         16.76         9.339
 TSR PRZ  1957 10  2          0.0000E+00    0.0000E+00     22.59         19.33         17.69         16.85         9.331
 TSR PRZ  1957 10  3          0.0000E+00    0.0000E+00     21.61         19.23         17.71         16.89         9.326
 TSR PRZ  1957 10  4          0.0000E+00    0.0000E+00     22.72         19.34         17.76         16.93         9.323
 TSR PRZ  1957 10  5          0.0000E+00    0.0000E+00     21.38         19.21         17.74         16.94         9.322
 TSR PRZ  1957 10  6          0.0000E+00    0.0000E+00     21.15         19.04         17.68         16.91         9.321
 TSR PRZ  1957 10  7          0.0000E+00    0.0000E+00     20.16         18.74         17.54         16.84         9.321
 TSR PRZ  1957 10  8          0.0000E+00    0.9721         17.37         18.01         17.20         16.64         9.320
 TSR PRZ  1957 10  9          0.0000E+00    0.0000E+00     16.74         17.32         16.80         16.37         9.317
 TSR PRZ  1957 10 10          0.0000E+00    0.0000E+00     16.95         16.89         16.45         16.08         9.311
 TSR PRZ  1957 10 11          0.0000E+00    0.0000E+00     17.69         16.74         16.22         15.85         9.302
 TSR PRZ  1957 10 12          0.0000E+00    0.0000E+00     17.38         16.60         16.04         15.66         9.289
 TSR PRZ  1957 10 13          0.0000E+00    0.0000E+00     16.39         16.30         15.81         15.46         9.274
 TSR PRZ  1957 10 14          0.0000E+00    0.0000E+00     16.17         16.00         15.58         15.26         9.257
 TSR PRZ  1957 10 15          0.0000E+00    0.0000E+00     15.61         15.68         15.33         15.04         9.238
 TSR PRZ  1957 10 16          0.0000E+00    0.0000E+00     14.96         15.32         15.05         14.81         9.218
 TSR PRZ  1957 10 17          0.0000E+00    0.0000E+00     15.38         15.11         14.83         14.59         9.197
 TSR PRZ  1957 10 18          0.0000E+00    0.0000E+00     14.50         14.82         14.59         14.38         9.175
 TSR PRZ  1957 10 19          0.0000E+00    0.0000E+00     15.43         14.74         14.43         14.20         9.153
 TSR PRZ  1957 10 20          0.0000E+00    0.0000E+00     14.72         14.58         14.26         14.03         9.130
 TSR PRZ  1957 10 21          0.0000E+00    0.0000E+00     14.59         14.40         14.10         13.87         9.107
 TSR PRZ  1957 10 22          0.0000E+00    0.0000E+00     14.68         14.27         13.95         13.72         9.084
 TSR PRZ  1957 10 23          0.0000E+00    0.0000E+00     14.18         14.09         13.79         13.57         9.062
 TSR PRZ  1957 10 24          0.0000E+00    0.0000E+00     12.94         13.70         13.55         13.38         9.041
 TSR PRZ  1957 10 25          0.0000E+00    0.0000E+00     10.47         12.94         13.14         13.09         9.019
 TSR PRZ  1957 10 26          0.0000E+00    0.0000E+00     9.152         12.10         12.62         12.71         8.996
 TSR PRZ  1957 10 27          0.0000E+00    0.0000E+00     8.659         11.40         12.10         12.30         8.972
 TSR PRZ  1957 10 28          0.0000E+00    0.0000E+00     10.52         11.25         11.79         11.96         8.944
 TSR PRZ  1957 10 29          0.0000E+00    0.0000E+00     11.33         11.35         11.64         11.73         8.915
 TSR PRZ  1957 10 30          0.0000E+00    0.0000E+00     12.08         11.54         11.59         11.60         8.885
 TSR PRZ  1957 10 31          0.0000E+00    0.0000E+00     12.81         11.79         11.62         11.54         8.855
 TSR PRZ  1957 11  1          0.0000E+00    0.0000E+00     12.85         11.96         11.67         11.53         8.828
 TSR PRZ  1957 11  2          0.0000E+00    0.0000E+00     9.903         11.50         11.49         11.41         8.802
 TSR PRZ  1957 11  3          0.0000E+00    0.0000E+00     7.571         10.66         11.08         11.16         8.779
 TSR PRZ  1957 11  4          0.0000E+00    0.0000E+00     6.761         9.873         10.60         10.81         8.756
 TSR PRZ  1957 11  5          0.0000E+00    0.0000E+00     5.661         9.125         10.08         10.41         8.733
 TSR PRZ  1957 11  6          0.0000E+00    0.0000E+00     5.557         8.573         9.618         10.01         8.707
 TSR PRZ  1957 11  7          0.0000E+00    0.0000E+00     5.727         8.214         9.238         9.648         8.678
 TSR PRZ  1957 11  8          0.0000E+00    0.0000E+00     4.465         7.727         8.838         9.288         8.647
 TSR PRZ  1957 11  9          0.0000E+00    0.0000E+00     4.380         7.315         8.461         8.939         8.614
 TSR PRZ  1957 11 10          0.0000E+00    0.0000E+00     4.554         7.041         8.146         8.625         8.579
 TSR PRZ  1957 11 11          0.0000E+00    0.0000E+00     5.555         7.018         7.952         8.383         8.544
 TSR PRZ  1957 11 12          0.0000E+00    0.0000E+00     6.598         7.194         7.886         8.232         8.508
 TSR PRZ  1957 11 13          0.0000E+00    0.0000E+00     6.891         7.366         7.876         8.146         8.474
 TSR PRZ  1957 11 14          0.0000E+00    0.0000E+00     7.946         7.650         7.944         8.126         8.442
 TSR PRZ  1957 11 15          0.0000E+00    0.0000E+00     7.244         7.718         7.970         8.115         8.414
 TSR PRZ  1957 11 16          0.0000E+00    0.0000E+00     2.586         6.866         7.638         7.933         8.389
 TSR PRZ  1957 11 17          0.0000E+00    0.0000E+00    0.2744         5.714         7.054         7.565         8.365
 TSR PRZ  1957 11 18          0.0000E+00    0.0000E+00    0.0000E+00     4.512         6.336         7.059         8.341
 TSR PRZ  1957 11 19          0.0000E+00    0.0000E+00    0.0000E+00     3.763         5.716         6.542         8.315
 TSR PRZ  1957 11 20          0.0000E+00    0.0000E+00    0.0000E+00     3.267         5.210         6.072         8.285
 TSR PRZ  1957 11 21          0.0000E+00    0.0000E+00    0.0000E+00     2.277         4.553         5.540         8.250
 TSR PRZ  1957 11 22          0.0000E+00    0.0000E+00    0.0000E+00     1.683         3.990         5.029         8.211
 TSR PRZ  1957 11 23          0.0000E+00    0.0000E+00     1.398         2.339         3.935         4.773         8.170
 TSR PRZ  1957 11 24          0.0000E+00    0.0000E+00     2.733         3.006         4.082         4.714         8.128
 TSR PRZ  1957 11 25          0.0000E+00    0.0000E+00     4.378         3.719         4.354         4.796         8.087
 TSR PRZ  1957 11 26          0.0000E+00    0.0000E+00     5.825         4.460         4.713         4.981         8.052
 TSR PRZ  1957 11 27          0.0000E+00    0.0000E+00     3.195         4.485         4.854         5.106         8.023
 TSR PRZ  1957 11 28          0.0000E+00    0.0000E+00     2.259         4.226         4.819         5.129         8.000
 TSR PRZ  1957 11 29          0.0000E+00    0.0000E+00    0.9722         3.788         4.647         5.049         7.982
 TSR PRZ  1957 11 30          0.0000E+00    0.0000E+00     1.274         3.521         4.477         4.933         7.968
 TSR PRZ  1957 12  1          0.0000E+00    0.0000E+00     2.906         3.661         4.453         4.872         7.956
 TSR PRZ  1957 12  2          0.0000E+00    0.0000E+00     2.832         3.792         4.476         4.854         7.945
 TSR PRZ  1957 12  3          0.0000E+00    0.0000E+00     2.500         3.805         4.478         4.843         7.936
 TSR PRZ  1957 12  4          0.0000E+00    0.0000E+00     3.881         4.045         4.564         4.876         7.928
 TSR PRZ  1957 12  5          0.0000E+00    0.0000E+00     5.206         4.487         4.762         4.983         7.921
 TSR PRZ  1957 12  6          0.0000E+00    0.0000E+00     3.865         4.571         4.872         5.076         7.917
 TSR PRZ  1957 12  7          0.0000E+00    0.0000E+00     3.190         4.453         4.881         5.117         7.915
 TSR PRZ  1957 12  8          0.0000E+00    0.0000E+00     2.237         4.180         4.791         5.090         7.914
 TSR PRZ  1957 12  9          0.0000E+00    0.0000E+00     4.791         4.445         4.864         5.118         7.914
 TSR PRZ  1957 12 10          0.0000E+00    0.0000E+00     3.069         4.396         4.873         5.135         7.915
 TSR PRZ  1957 12 11          0.0000E+00    0.0000E+00    0.8413         3.899         4.690         5.052         7.915
 TSR PRZ  1957 12 12          0.0000E+00    0.0000E+00     2.718         3.841         4.599         4.976         7.916
 TSR PRZ  1957 12 13          0.0000E+00    0.0000E+00     3.482         4.011         4.620         4.957         7.915
 TSR PRZ  1957 12 14          0.0000E+00    0.0000E+00     4.430         4.322         4.737         5.005         7.914
 TSR PRZ  1957 12 15          0.0000E+00    0.0000E+00     4.442         4.552         4.867         5.086         7.913
 TSR PRZ  1957 12 16          0.0000E+00    0.0000E+00     5.252         4.846         5.035         5.199         7.913
 TSR PRZ  1957 12 17          0.0000E+00    0.0000E+00     4.955         5.010         5.172         5.312         7.915
 TSR PRZ  1957 12 18          0.0000E+00    0.0000E+00     5.262         5.166         5.301         5.422         7.918
 TSR PRZ  1957 12 19          0.0000E+00    0.0000E+00     3.923         5.040         5.319         5.477         7.922
 TSR PRZ  1957 12 20          0.0000E+00    0.0000E+00     5.160         5.146         5.383         5.536         7.928
 TSR PRZ  1957 12 21          0.0000E+00    0.0000E+00     4.467         5.140         5.417         5.581         7.934
 TSR PRZ  1957 12 22          0.0000E+00    0.0000E+00     4.449         5.117         5.433         5.611         7.940
 TSR PRZ  1957 12 23          0.0000E+00    0.0000E+00     1.093         4.495         5.210         5.516         7.946
 TSR PRZ  1957 12 24          0.0000E+00    0.0000E+00    0.0000E+00     3.746         4.843         5.303         7.950
 TSR PRZ  1957 12 25          0.0000E+00    0.0000E+00     1.308         3.491         4.594         5.099         7.952
 TSR PRZ  1957 12 26          0.0000E+00    0.0000E+00     1.549         3.424         4.446         4.944         7.950
 TSR PRZ  1957 12 27          0.0000E+00    0.0000E+00    0.3853         3.170         4.264         4.788         7.946
 TSR PRZ  1957 12 28          0.0000E+00    0.0000E+00    0.3343         2.939         4.080         4.629         7.939
 TSR PRZ  1957 12 29          0.0000E+00    0.0000E+00     1.167         2.925         3.978         4.509         7.929
 TSR PRZ  1957 12 30          0.0000E+00    0.0000E+00    0.8578         2.875         3.893         4.412         7.918
 TSR PRZ  1957 12 31          0.0000E+00    0.0000E+00    0.0000E+00     2.270         3.606         4.223         7.907
