 RCHRES:EXTNL#INFLOW       623 IVOL     0   0
 RCHRES:HYDR               624 IVOL     0   0
 RCHRES:EXTNL#INFLOW       625 CIVOL   MC   0
 RCHRES:HYDR               725 CIVOL   MC   0
 RCHRES:EXTNL              825 PREC     0   0
 RCHRES:EXTNL              826 POTEV    0   0
 RCHRES:EXTNL             1837 COLIND  MX   0
 RCHRES:EXTNL             1842 OUTDGT  MX   0
 RCHRES:EXTNL             1847 COTDGT  MX  MC
 RCHRES:HYDR              4704 VOL      0   0
 RCHRES:HYDR              4705 CVOL    MC   0
 RCHRES:HYDR              4805 CDFVOL  MX  MC
 RCHRES:HYDR              5305 DEP      0   0
 RCHRES:HYDR              5306 STAGE    0   0
 RCHRES:HYDR              5307 AVDEP    0   0
 RCHRES:HYDR              5308 TWID     0   0
 RCHRES:HYDR              5309 HRAD     0   0
 RCHRES:HYDR              5310 SAREA    0   0
 RCHRES:HYDR              5311 AVVEL    0   0
 RCHRES:HYDR              5312 AVSECT   0   0
 RCHRES:HYDR              5313 USTAR    0   0
 RCHRES:HYDR              5314 TAU      0   0
 RCHRES:HYDR              5315 RO       0   0
 RCHRES:HYDR              5316 CRO     MC   0
 RCHRES:HYDR              5926 O       MX   0
 RCHRES:HYDR              5931 CO      MX  MC
 RCHRES:HYDR              6946 PRSUPY   0   0
 RCHRES:HYDR              6947 VOLEV    0   0
 RCHRES:HYDR#ROFLOW       6948 ROVOL    0   0
 RCHRES:HYDR#ROFLOW       6949 CROVOL  MC   0
 RCHRES:HYDR#OFLOW        9574 OVOL    MX   0
 RCHRES:HYDR#OFLOW        9579 COVOL   MX  MC
 RCHRES:HYDR             10089 RIRDEM   0   0
 RCHRES:HYDR             10090 RIRSHT   0   0
 RCHRES:EXTNL#INFLOW     11197 IVOLDW 100   0
 RCHRES:EXTNL#INFLOW     11597 IDWWQ  100   0
 RCHRES:HYDR             11698 RODWWQ   0   0
 RCHRES:EXTNL#INFLOW     13458 ICON    MN   0
 RCHRES:CONS             13468 ICON    MN   0
 RCHRES:EXTNL            13478 COADFX  MN   0
 RCHRES:EXTNL            13488 COADCN  MN   0
 RCHRES:CONS             13989 CON     MN   0
 RCHRES:CONS#ROFLOW      14049 ROCON   MN   0
 RCHRES:CONS#OFLOW       14309 OCON    MX  MN
 RCHRES:CONS             14469 COADDR  MN   0
 RCHRES:CONS             14479 COADWT  MN   0
 RCHRES:CONS             14489 COADEP  MN   0
 RCHRES:INFLOW           14510 IHEAT    0   0
 RCHRES:HTRCH            14511 IHEAT    0   0
 RCHRES:EXTNL            14512 SOLRAD   0   0
 RCHRES:EXTNL            14513 CLOUD    0   0
 RCHRES:EXTNL            14514 DEWTMP   0   0
 RCHRES:EXTNL            14515 GATMP    0   0
 RCHRES:EXTNL            14516 WIND     0   0
 RCHRES:EXTNL            14517 DSOLAR   0   0
 RCHRES:EXTNL            14668 TGRND    0   0
 RCHRES:HTRCH            14785 TW       0   0
 RCHRES:HTRCH            14786 AIRTMP   0   0
 RCHRES:HTRCH            14788 SHDFAC   0   0
 RCHRES:HTRCH            14799 HTEXCH   0   0
 RCHRES:HTRCH#ROFLOW     14800 ROHEAT   0   0
 RCHRES:HTRCH#OFLOW      14826 OHEAT   MX   0
 RCHRES:HTRCH            14866 HTCF4    7   0
 RCHRES:INFLOW           14893 ISED     3   0
 RCHRES:SEDTRN           14896 ISED     4   0
 RCHRES:SEDTRN           14985 RSED    10   0
 RCHRES:SEDTRN           14995 SSED     4   0
 RCHRES:SEDTRN           14999 TSED     3   0
 RCHRES:SEDTRN           15002 BEDDEP   0   0
 RCHRES:SEDTRN           15043 DEPSCR   4   0
 RCHRES:SEDTRN#ROFLOW    15047 ROSED    4   0
 RCHRES:SEDTRN#OFLOW     15151 OSED    MX   4
 RCHRES:INFLOW           15362 IDQAL   MG   0
 RCHRES:GQUAL            15369 IDQAL   MG   0
 RCHRES:INFLOW           15376 ISQAL    3  MG
 RCHRES:GQUAL            15397 ISQAL    4  MG
 RCHRES:GQUAL            15425 TIQAL   MG   0
 RCHRES:EXTNL            15432 PHVAL    0   0
 RCHRES:EXTNL            15433 ROC      0   0
 RCHRES:EXTNL            15434 BIO     MG   0
 RCHRES:EXTNL            15441 GQADFX  MG   0
 RCHRES:EXTNL            15448 GQADCN  MG   0
 RCHRES:GQUAL            17045 DQAL    MG   0
 RCHRES:GQUAL            17052 SQAL     6  MG
 RCHRES:GQUAL            17094 RDQAL   MG   0
 RCHRES:GQUAL            17101 RSQAL   12  MG
 RCHRES:GQUAL            17185 RRQAL   MG   0
 RCHRES:GQUAL            19131 PDQAL   MG   0
 RCHRES:GQUAL            19138 DDQAL    7  MG
 RCHRES:GQUAL#ROFLOW     19187 RODQAL  MG   0
 RCHRES:GQUAL            19194 DSQAL    4  MG
 RCHRES:GQUAL#ROFLOW     19222 ROSQAL   4  MG
 RCHRES:GQUAL            19250 TROQAL  MG   0
 RCHRES:GQUAL            19257 SQDEC    7  MG
 RCHRES:GQUAL            19306 ADQAL    7  MG
 RCHRES:GQUAL#OFLOW      19355 ODQAL   MX  MG
 RCHRES:GQUAL#OFLOW      19390 OSQAL   MX   3
 RCHRES:GQUAL            19495 TOSQAL  MX  MG
 RCHRES:GQUAL            19530 TOQAL   MX  MG
 RCHRES:GQUAL            19565 GQADDR  MG   0
 RCHRES:GQUAL            19572 GQADWT  MG   0
 RCHRES:GQUAL            19579 GQADEP  MG   0
 RCHRES:INFLOW           19605 OXIF     2   0
 RCHRES:OXRX             19607 OXIF     2   0
 RCHRES:OXRX             19641 DOX      0   0
 RCHRES:OXRX             19642 BOD      0   0
 RCHRES:OXRX             19643 SATDO    0   0
 RCHRES:OXRX#ROFLOW      19654 OXCF1    2   0
 RCHRES:OXRX#OFLOW       19708 OXCF2   MX   2
 RCHRES:OXRX             19803 OXCF3    9   0
 RCHRES:OXRX             19812 OXCF4    8   0
 RCHRES:INFLOW           19884 NUIF1    4   0
 RCHRES:NUTRX            19888 NUIF1    4   0
 RCHRES:INFLOW           19892 NUIF2    3   2
 RCHRES:NUTRX            19898 NUIF2    4   2
 RCHRES:NUTRX            19906 TNUIF    4   0
 RCHRES:EXTNL            19910 NUADFX   3   0
 RCHRES:EXTNL            19913 NUADCN   3   0
 RCHRES:NUTRX            20102 DNUST    6   0
 RCHRES:NUTRX            20108 SNH4     3   0
 RCHRES:NUTRX            20111 SPO4     3   0
 RCHRES:NUTRX            20114 DNUST2   6   0
 RCHRES:NUTRX            20120 RSNH4   12   0
 RCHRES:NUTRX            20132 RSPO4   12   0
 RCHRES:NUTRX            20144 NUST     4   0
 RCHRES:NUTRX#ROFLOW     20756 NUCF1    4   0
 RCHRES:NUTRX#ROFLOW     20760 NUCF2    4   2
 RCHRES:NUTRX            20768 TNUCF1   4   0
 RCHRES:NUTRX            20772 NUCF3    4   2
 RCHRES:NUTRX            20780 NUCF4    7   0
 RCHRES:NUTRX            20787 NUCF5    8   0
 RCHRES:NUTRX            20795 NUCF6    1   0
 RCHRES:NUTRX            20796 NUCF7    6   0
 RCHRES:NUTRX            20802 NUCF8    4   2
 RCHRES:NUTRX#OFLOW      20810 NUCF9   MX   4
 RCHRES:NUTRX#OFLOW      20830 NUCF10  MX   4
 RCHRES:NUTRX            20870 TNUCF2  MX   4
 RCHRES:NUTRX            20890 NUADDR   3   0
 RCHRES:NUTRX            20893 NUADWT   3   0
 RCHRES:NUTRX            20896 NUADEP   3   0
 RCHRES:INFLOW           20924 PKIF     5   0
 RCHRES:PLANK            20929 PKIF     5   0
 RCHRES:PLANK            20959 TPKIF    5   0
 RCHRES:EXTNL            20964 PLADFX   3   0
 RCHRES:EXTNL            20967 PLADCN   3   0
 RCHRES:EXTNL            21169 BINV     0   0
 RCHRES:PLANK            21233 PKST3    7   0
 RCHRES:PLANK            21240 PHYTO    0   0
 RCHRES:PLANK            21241 ZOO      0   0
 RCHRES:PLANK            21242 BENAL    4   0
 RCHRES:PLANK            21246 PHYCLA   0   0
 RCHRES:PLANK            21247 BALCLA   4   0
 RCHRES:PLANK            21251 TBENAL   2   0
 RCHRES:PLANK            21253 PKST4    2   0
 RCHRES:PLANK#ROFLOW     21781 PKCF1    5   0
 RCHRES:PLANK            21786 TPKCF1   5   0
 RCHRES:PLANK#OFLOW      21791 PKCF2   MX   5
 RCHRES:PLANK            21816 TPKCF2  MX   5
 RCHRES:PLANK            21841 PLADDR   3   0
 RCHRES:PLANK            21844 PLADWT   3   0
 RCHRES:PLANK            21847 PLADEP   3   0
 RCHRES:PLANK            21850 PKCF5    5   0
 RCHRES:PLANK            21855 PKCF6    3   0
 RCHRES:PLANK            21858 PKCF7    3   4
 RCHRES:PLANK            21870 TPKCF7   3   0
 RCHRES:PLANK            21873 PKCF8    5   0
 RCHRES:PLANK            21878 PKCF9    5   0
 RCHRES:PLANK            21883 PKCF10   5   0
 RCHRES:INFLOW           21898 PHIF     2   0
 RCHRES:PHCARB           21900 PHIF     2   0
 RCHRES:PHCARB           21912 PHST     3   0
 RCHRES:PHCARB           21916 SATCO2   0   0
 RCHRES:PHCARB#ROFLOW    21927 PHCF1    2   0
 RCHRES:PHCARB#OFLOW     21979 PHCF2   MX   2
 RCHRES:PHCARB           22024 PHCF3    7   0
 RCHRES:ACIDPH           22098 ACCONC   7   0
 RCHRES:ACIDPH           22140 ACSTOR   7   0
 RCHRES:INFLOW           22182 ACINFL   7   0
 RCHRES:ACIDPH           22189 ACINFL   7   0
 RCHRES:ACIDPH#ROFLOW    22231 ACFLX1   7   0
 RCHRES:ACIDPH#OFLOW     22413 ACFLX2  MX   7
 RCHRES:ACIDPH           22498 ACFLXC  MN   0
 RCHRES:ACIDPH           22543 ACFLXG  MG   0
 RCHRES:ACIDPH           22586 ACPH     0   0

